{"meta": {"format": 3, "version": "7.10.6", "timestamp": "2026-04-29T16:23:27.498397", "branch_coverage": false, "show_contexts": false}, "files": {"src\\mcp_india_stack\\__init__.py": {"executed_lines": [1, 3], "summary": {"covered_lines": 1, "num_statements": 1, "percent_covered": 100.0, "percent_covered_display": "100", "missing_lines": 0, "excluded_lines": 0}, "missing_lines": [], "excluded_lines": [], "functions": {"": {"executed_lines": [1, 3], "summary": {"covered_lines": 1, "num_statements": 1, "percent_covered": 100.0, "percent_covered_display": "100", "missing_lines": 0, "excluded_lines": 0}, "missing_lines": [], "excluded_lines": []}}, "classes": {"": {"executed_lines": [1, 3], "summary": {"covered_lines": 1, "num_statements": 1, "percent_covered": 100.0, "percent_covered_display": "100", "missing_lines": 0, "excluded_lines": 0}, "missing_lines": [], "excluded_lines": []}}}, "src\\mcp_india_stack\\__main__.py": {"executed_lines": [1, 3, 5, 6], "summary": {"covered_lines": 3, "num_statements": 3, "percent_covered": 100.0, "percent_covered_display": "100", "missing_lines": 0, "excluded_lines": 0}, "missing_lines": [], "excluded_lines": [], "functions": {"": {"executed_lines": [1, 3, 5, 6], "summary": {"covered_lines": 3, "num_statements": 3, "percent_covered": 100.0, "percent_covered_display": "100", "missing_lines": 0, "excluded_lines": 0}, "missing_lines": [], "excluded_lines": []}}, "classes": {"": {"executed_lines": [1, 3, 5, 6], "summary": {"covered_lines": 3, "num_statements": 3, "percent_covered": 100.0, "percent_covered_display": "100", "missing_lines": 0, "excluded_lines": 0}, "missing_lines": [], "excluded_lines": []}}}, "src\\mcp_india_stack\\database.py": {"executed_lines": [1, 6, 8, 9, 10, 12, 14, 16, 17, 18, 21, 23, 30, 32, 35, 42, 43, 44, 46, 49, 52, 54, 55, 56, 57, 63, 64, 65, 66, 69, 79, 80, 82, 84, 85, 89, 91, 92, 95, 96, 98, 99, 100, 103, 106, 107, 108, 109], "summary": {"covered_lines": 47, "num_statements": 51, "percent_covered": 92.15686274509804, "percent_covered_display": "92", "missing_lines": 4, "excluded_lines": 0}, "missing_lines": [59, 60, 61, 97], "excluded_lines": [], "functions": {"get_db_config": {"executed_lines": [23], "summary": {"covered_lines": 1, "num_statements": 1, "percent_covered": 100.0, "percent_covered_display": "100", "missing_lines": 0, "excluded_lines": 0}, "missing_lines": [], "excluded_lines": []}, "is_db_connected": {"executed_lines": [32], "summary": {"covered_lines": 1, "num_statements": 1, "percent_covered": 100.0, "percent_covered_display": "100", "missing_lines": 0, "excluded_lines": 0}, "missing_lines": [], "excluded_lines": []}, "init_db_connection": {"executed_lines": [42, 43, 44, 46, 49, 52, 54, 55, 56, 57, 63, 64, 65, 66], "summary": {"covered_lines": 14, "num_statements": 17, "percent_covered": 82.3529411764706, "percent_covered_display": "82", "missing_lines": 3, "excluded_lines": 0}, "missing_lines": [59, 60, 61], "excluded_lines": []}, "query_db": {"executed_lines": [79, 80, 82, 84, 85, 89, 91, 92, 95, 96, 98, 99, 100], "summary": {"covered_lines": 13, "num_statements": 14, "percent_covered": 92.85714285714286, "percent_covered_display": "93", "missing_lines": 1, "excluded_lines": 0}, "missing_lines": [97], "excluded_lines": []}, "close_db_connection": {"executed_lines": [106, 107, 108, 109], "summary": {"covered_lines": 4, "num_statements": 4, "percent_covered": 100.0, "percent_covered_display": "100", "missing_lines": 0, "excluded_lines": 0}, "missing_lines": [], "excluded_lines": []}, "": {"executed_lines": [1, 6, 8, 9, 10, 12, 14, 16, 17, 18, 21, 30, 35, 69, 103], "summary": {"covered_lines": 14, "num_statements": 14, "percent_covered": 100.0, "percent_covered_display": "100", "missing_lines": 0, "excluded_lines": 0}, "missing_lines": [], "excluded_lines": []}}, "classes": {"": {"executed_lines": [1, 6, 8, 9, 10, 12, 14, 16, 17, 18, 21, 23, 30, 32, 35, 42, 43, 44, 46, 49, 52, 54, 55, 56, 57, 63, 64, 65, 66, 69, 79, 80, 82, 84, 85, 89, 91, 92, 95, 96, 98, 99, 100, 103, 106, 107, 108, 109], "summary": {"covered_lines": 47, "num_statements": 51, "percent_covered": 92.15686274509804, "percent_covered_display": "92", "missing_lines": 4, "excluded_lines": 0}, "missing_lines": [59, 60, 61, 97], "excluded_lines": []}}}, "src\\mcp_india_stack\\normalization.py": {"executed_lines": [1, 12, 14, 15, 18, 28, 29, 31, 32, 33, 36, 38, 40, 42, 43, 44, 45, 46, 47, 48, 49, 50, 51, 52, 54, 55, 56, 57, 64, 65, 66, 67, 69, 70, 71, 72, 74, 75, 76, 77, 79, 80, 81, 82, 84, 85, 86, 87, 89, 90, 91, 92, 94, 95, 96, 97, 99, 100, 101, 102], "summary": {"covered_lines": 38, "num_statements": 38, "percent_covered": 100.0, "percent_covered_display": "100", "missing_lines": 0, "excluded_lines": 0}, "missing_lines": [], "excluded_lines": [], "functions": {"normalize_input": {"executed_lines": [28, 29, 31, 32, 33, 36, 38, 40, 42, 43, 44, 45, 46, 47, 48, 49, 50, 51, 52, 54, 55, 56, 57], "summary": {"covered_lines": 18, "num_statements": 18, "percent_covered": 100.0, "percent_covered_display": "100", "missing_lines": 0, "excluded_lines": 0}, "missing_lines": [], "excluded_lines": []}, "normalize_gstin": {"executed_lines": [65, 66], "summary": {"covered_lines": 1, "num_statements": 1, "percent_covered": 100.0, "percent_covered_display": "100", "missing_lines": 0, "excluded_lines": 0}, "missing_lines": [], "excluded_lines": []}, "normalize_pan": {"executed_lines": [70, 71], "summary": {"covered_lines": 1, "num_statements": 1, "percent_covered": 100.0, "percent_covered_display": "100", "missing_lines": 0, "excluded_lines": 0}, "missing_lines": [], "excluded_lines": []}, "normalize_ifsc": {"executed_lines": [75, 76], "summary": {"covered_lines": 1, "num_statements": 1, "percent_covered": 100.0, "percent_covered_display": "100", "missing_lines": 0, "excluded_lines": 0}, "missing_lines": [], "excluded_lines": []}, "normalize_aadhaar": {"executed_lines": [80, 81], "summary": {"covered_lines": 1, "num_statements": 1, "percent_covered": 100.0, "percent_covered_display": "100", "missing_lines": 0, "excluded_lines": 0}, "missing_lines": [], "excluded_lines": []}, "normalize_cin": {"executed_lines": [85, 86], "summary": {"covered_lines": 1, "num_statements": 1, "percent_covered": 100.0, "percent_covered_display": "100", "missing_lines": 0, "excluded_lines": 0}, "missing_lines": [], "excluded_lines": []}, "normalize_fssai": {"executed_lines": [90, 91], "summary": {"covered_lines": 1, "num_statements": 1, "percent_covered": 100.0, "percent_covered_display": "100", "missing_lines": 0, "excluded_lines": 0}, "missing_lines": [], "excluded_lines": []}, "normalize_upi": {"executed_lines": [95, 96], "summary": {"covered_lines": 1, "num_statements": 1, "percent_covered": 100.0, "percent_covered_display": "100", "missing_lines": 0, "excluded_lines": 0}, "missing_lines": [], "excluded_lines": []}, "normalize_pincode": {"executed_lines": [100, 101], "summary": {"covered_lines": 1, "num_statements": 1, "percent_covered": 100.0, "percent_covered_display": "100", "missing_lines": 0, "excluded_lines": 0}, "missing_lines": [], "excluded_lines": []}, "": {"executed_lines": [1, 12, 14, 15, 18, 64, 67, 69, 72, 74, 77, 79, 82, 84, 87, 89, 92, 94, 97, 99], "summary": {"covered_lines": 12, "num_statements": 12, "percent_covered": 100.0, "percent_covered_display": "100", "missing_lines": 0, "excluded_lines": 0}, "missing_lines": [], "excluded_lines": []}}, "classes": {"": {"executed_lines": [1, 12, 14, 15, 18, 28, 29, 31, 32, 33, 36, 38, 40, 42, 43, 44, 45, 46, 47, 48, 49, 50, 51, 52, 54, 55, 56, 57, 64, 65, 66, 67, 69, 70, 71, 72, 74, 75, 76, 77, 79, 80, 81, 82, 84, 85, 86, 87, 89, 90, 91, 92, 94, 95, 96, 97, 99, 100, 101], "summary": {"covered_lines": 38, "num_statements": 38, "percent_covered": 100.0, "percent_covered_display": "100", "missing_lines": 0, "excluded_lines": 0}, "missing_lines": [], "excluded_lines": []}}}, "src\\mcp_india_stack\\permission_tiers.py": {"executed_lines": [1, 12, 15, 16, 27, 28, 29, 30], "summary": {"covered_lines": 6, "num_statements": 6, "percent_covered": 100.0, "percent_covered_display": "100", "missing_lines": 0, "excluded_lines": 0}, "missing_lines": [], "excluded_lines": [], "functions": {"": {"executed_lines": [1, 12, 15, 16, 27, 28, 29, 30], "summary": {"covered_lines": 6, "num_statements": 6, "percent_covered": 100.0, "percent_covered_display": "100", "missing_lines": 0, "excluded_lines": 0}, "missing_lines": [], "excluded_lines": []}}, "classes": {"PermissionTier": {"executed_lines": [], "summary": {"covered_lines": 0, "num_statements": 0, "percent_covered": 100.0, "percent_covered_display": "100", "missing_lines": 0, "excluded_lines": 0}, "missing_lines": [], "excluded_lines": []}, "": {"executed_lines": [1, 12, 15, 16, 27, 28, 29, 30], "summary": {"covered_lines": 6, "num_statements": 6, "percent_covered": 100.0, "percent_covered_display": "100", "missing_lines": 0, "excluded_lines": 0}, "missing_lines": [], "excluded_lines": []}}}, "src\\mcp_india_stack\\server.py": {"executed_lines": [1, 3, 5, 6, 7, 8, 9, 11, 12, 13, 15, 18, 21, 24, 27, 30, 33, 36, 39, 42, 45, 48, 51, 54, 57, 60, 63, 66, 69, 72, 75, 78, 81, 83, 94, 101, 125, 126, 127, 134, 135, 145, 152, 160, 175, 176, 177, 178, 179, 180, 192, 193, 198, 200, 201, 203, 205, 206, 208, 216, 217, 218, 225, 231, 246, 247, 253, 254, 255, 261, 262, 263, 264, 265, 266, 267, 270, 271, 272, 273, 274, 275, 276, 277, 278, 279, 280, 281, 282, 283, 293, 294, 295, 302, 307, 320, 321, 322, 323, 324, 325, 332, 333, 338, 340, 347, 353, 366, 367, 368, 375, 376, 381, 382, 383, 390, 393, 406, 407, 408, 415, 416, 421, 423, 430, 440, 454, 455, 456, 463, 464, 469, 471, 478, 484, 494, 495, 496, 502, 503, 508, 509, 512, 513, 515, 522, 534, 549, 550, 551, 552, 553, 554, 560, 561, 566, 568, 575, 585, 598, 599, 600, 601, 602, 603, 609, 610, 617, 624, 634, 648, 649, 650, 656, 657, 664, 671, 681, 694, 695, 696, 697, 698, 699, 705, 706, 713, 720, 730, 745, 746, 747, 748, 749, 750, 756, 757, 764, 771, 781, 794, 795, 796, 797, 798, 799, 805, 806, 813, 820, 830, 844, 845, 846, 847, 848, 849, 858, 859, 865, 866, 867, 869, 870, 871, 878, 920, 945, 946, 958, 964, 965, 972, 979, 997, 1014, 1015, 1021, 1027, 1028, 1034, 1035, 1042, 1064, 1082, 1083, 1090, 1096, 1097, 1104, 1111, 1125, 1142, 1143, 1148, 1154, 1155, 1161, 1162, 1169, 1191, 1212, 1213, 1220, 1227, 1228, 1233, 1235, 1242, 1278, 1300, 1301, 1311, 1318, 1319, 1326, 1333, 1351, 1369, 1370, 1376, 1384, 1391, 1398, 1414, 1430, 1431, 1436, 1443, 1444, 1449, 1450, 1451, 1452, 1453, 1454, 1459, 1460, 1461, 1462, 1463, 1464, 1465, 1466, 1467, 1468, 1469, 1470, 1471, 1473, 1474, 1475, 1476, 1477, 1503, 1504, 1506, 1527, 1528, 1530, 1543, 1544, 1545, 1546, 1560, 1561, 1563, 1577, 1578, 1580, 1593, 1594, 1596, 1610, 1611, 1613, 1626, 1627, 1629, 1643, 1644, 1645, 1646, 1662, 1663, 1665, 1678, 1679, 1680, 1681, 1698, 1699, 1701, 1713, 1714, 1716, 1735, 1736, 1738, 1753, 1754, 1756, 1773, 1774, 1776, 1792, 1793, 1795, 1812, 1813, 1815, 1835, 1836, 1837, 1838, 1856, 1857, 1870, 1871, 1872, 1903, 1904, 1909, 1942, 1943, 1948, 1978, 1979, 1980, 1981, 1982, 1983, 1984, 1985, 1986, 1987, 1988, 1989, 1992, 1993, 1995, 2004, 2006, 2007, 2008, 2009, 2037, 2038, 2039, 2040, 2041, 2042, 2043, 2044, 2046, 2047, 2048, 2049, 2050, 2052, 2054, 2055, 2056, 2057, 2058, 2059, 2060, 2061, 2062, 2063, 2064, 2065, 2066, 2067, 2074, 2077, 2078, 2079, 2080, 2081, 2082, 2083, 2085, 2086, 2087, 2088, 2089, 2090, 2091, 2092, 2093, 2094, 2096, 2097, 2099, 2104, 2105, 2106, 2113, 2116, 2117, 2118, 2119, 2120, 2121, 2122, 2123, 2124, 2125, 2126, 2127, 2128, 2131, 2132, 2133, 2134, 2135, 2136, 2137, 2138, 2139, 2140, 2145, 2146, 2147, 2154, 2157, 2158, 2159, 2160, 2161, 2162, 2163, 2164, 2165, 2178, 2179, 2180, 2192, 2193, 2199, 2200, 2201, 2208, 2211, 2212, 2213, 2285, 2286, 2287, 2288, 2289, 2294, 2298, 2300, 2301, 2304, 2311, 2314, 2315, 2316, 2317, 2318, 2324, 2326, 2339, 2340, 2341, 2348, 2351, 2352, 2353, 2354, 2355, 2361, 2362, 2363, 2375, 2376, 2377, 2384, 2387, 2388, 2389, 2390, 2391, 2392, 2393, 2394, 2395, 2396, 2397, 2398, 2399, 2400, 2402, 2403, 2404, 2405, 2406, 2407, 2418, 2419, 2420, 2421, 2422, 2423, 2424, 2425, 2426, 2427, 2428, 2430, 2435, 2452], "summary": {"covered_lines": 433, "num_statements": 444, "percent_covered": 97.52252252252252, "percent_covered_display": "98", "missing_lines": 11, "excluded_lines": 0}, "missing_lines": [207, 1383, 1859, 1877, 2051, 2325, 2401, 2431, 2432, 2433, 2453], "excluded_lines": [], "functions": {"lookup_ifsc": {"executed_lines": [125, 126, 127, 134, 135], "summary": {"covered_lines": 5, "num_statements": 5, "percent_covered": 100.0, "percent_covered_display": "100", "missing_lines": 0, "excluded_lines": 0}, "missing_lines": [], "excluded_lines": []}, "validate_gstin": {"executed_lines": [160, 175, 176, 177, 178, 179, 180, 192, 193], "summary": {"covered_lines": 7, "num_statements": 7, "percent_covered": 100.0, "percent_covered_display": "100", "missing_lines": 0, "excluded_lines": 0}, "missing_lines": [], "excluded_lines": []}, "_validate_single_gstin": {"executed_lines": [205, 206, 208], "summary": {"covered_lines": 3, "num_statements": 4, "percent_covered": 75.0, "percent_covered_display": "75", "missing_lines": 1, "excluded_lines": 0}, "missing_lines": [207], "excluded_lines": []}, "bulk_validate_gstin": {"executed_lines": [231, 246, 247, 253, 254, 255, 261, 262, 263, 264, 265, 266, 267, 270, 271, 272, 273, 274, 275, 276, 277, 278, 279, 280, 281, 282, 283], "summary": {"covered_lines": 19, "num_statements": 19, "percent_covered": 100.0, "percent_covered_display": "100", "missing_lines": 0, "excluded_lines": 0}, "missing_lines": [], "excluded_lines": []}, "validate_pan": {"executed_lines": [307, 320, 321, 322, 323, 324, 325, 332, 333], "summary": {"covered_lines": 7, "num_statements": 7, "percent_covered": 100.0, "percent_covered_display": "100", "missing_lines": 0, "excluded_lines": 0}, "missing_lines": [], "excluded_lines": []}, "validate_upi_vpa": {"executed_lines": [353, 366, 367, 368, 375, 376], "summary": {"covered_lines": 5, "num_statements": 5, "percent_covered": 100.0, "percent_covered_display": "100", "missing_lines": 0, "excluded_lines": 0}, "missing_lines": [], "excluded_lines": []}, "lookup_pincode": {"executed_lines": [393, 406, 407, 408, 415, 416], "summary": {"covered_lines": 5, "num_statements": 5, "percent_covered": 100.0, "percent_covered_display": "100", "missing_lines": 0, "excluded_lines": 0}, "missing_lines": [], "excluded_lines": []}, "lookup_hsn_code": {"executed_lines": [440, 454, 455, 456, 463, 464], "summary": {"covered_lines": 5, "num_statements": 5, "percent_covered": 100.0, "percent_covered_display": "100", "missing_lines": 0, "excluded_lines": 0}, "missing_lines": [], "excluded_lines": []}, "decode_state_code": {"executed_lines": [484, 494, 495, 496, 502, 503], "summary": {"covered_lines": 5, "num_statements": 5, "percent_covered": 100.0, "percent_covered_display": "100", "missing_lines": 0, "excluded_lines": 0}, "missing_lines": [], "excluded_lines": []}, "validate_aadhaar": {"executed_lines": [534, 549, 550, 551, 552, 553, 554, 560, 561], "summary": {"covered_lines": 7, "num_statements": 7, "percent_covered": 100.0, "percent_covered_display": "100", "missing_lines": 0, "excluded_lines": 0}, "missing_lines": [], "excluded_lines": []}, "validate_voter_id": {"executed_lines": [585, 598, 599, 600, 601, 602, 603, 609, 610], "summary": {"covered_lines": 7, "num_statements": 7, "percent_covered": 100.0, "percent_covered_display": "100", "missing_lines": 0, "excluded_lines": 0}, "missing_lines": [], "excluded_lines": []}, "validate_driving_license": {"executed_lines": [634, 648, 649, 650, 656, 657], "summary": {"covered_lines": 5, "num_statements": 5, "percent_covered": 100.0, "percent_covered_display": "100", "missing_lines": 0, "excluded_lines": 0}, "missing_lines": [], "excluded_lines": []}, "validate_passport": {"executed_lines": [681, 694, 695, 696, 697, 698, 699, 705, 706], "summary": {"covered_lines": 7, "num_statements": 7, "percent_covered": 100.0, "percent_covered_display": "100", "missing_lines": 0, "excluded_lines": 0}, "missing_lines": [], "excluded_lines": []}, "validate_cin": {"executed_lines": [730, 745, 746, 747, 748, 749, 750, 756, 757], "summary": {"covered_lines": 7, "num_statements": 7, "percent_covered": 100.0, "percent_covered_display": "100", "missing_lines": 0, "excluded_lines": 0}, "missing_lines": [], "excluded_lines": []}, "validate_din": {"executed_lines": [781, 794, 795, 796, 797, 798, 799, 805, 806], "summary": {"covered_lines": 7, "num_statements": 7, "percent_covered": 100.0, "percent_covered_display": "100", "missing_lines": 0, "excluded_lines": 0}, "missing_lines": [], "excluded_lines": []}, "validate_fssai": {"executed_lines": [830, 844, 845, 846, 847, 848, 849, 858, 859], "summary": {"covered_lines": 7, "num_statements": 7, "percent_covered": 100.0, "percent_covered_display": "100", "missing_lines": 0, "excluded_lines": 0}, "missing_lines": [], "excluded_lines": []}, "calculate_income_tax": {"executed_lines": [920, 945, 946, 958, 964, 965], "summary": {"covered_lines": 5, "num_statements": 5, "percent_covered": 100.0, "percent_covered_display": "100", "missing_lines": 0, "excluded_lines": 0}, "missing_lines": [], "excluded_lines": []}, "calculate_tds": {"executed_lines": [997, 1014, 1015, 1021, 1027, 1028], "summary": {"covered_lines": 5, "num_statements": 5, "percent_covered": 100.0, "percent_covered_display": "100", "missing_lines": 0, "excluded_lines": 0}, "missing_lines": [], "excluded_lines": []}, "calculate_gst": {"executed_lines": [1064, 1082, 1083, 1090, 1096, 1097], "summary": {"covered_lines": 5, "num_statements": 5, "percent_covered": 100.0, "percent_covered_display": "100", "missing_lines": 0, "excluded_lines": 0}, "missing_lines": [], "excluded_lines": []}, "calculate_surcharge": {"executed_lines": [1125, 1142, 1143, 1148, 1154, 1155], "summary": {"covered_lines": 5, "num_statements": 5, "percent_covered": 100.0, "percent_covered_display": "100", "missing_lines": 0, "excluded_lines": 0}, "missing_lines": [], "excluded_lines": []}, "calculate_hra_exemption": {"executed_lines": [1191, 1212, 1213, 1220, 1227, 1228], "summary": {"covered_lines": 5, "num_statements": 5, "percent_covered": 100.0, "percent_covered_display": "100", "missing_lines": 0, "excluded_lines": 0}, "missing_lines": [], "excluded_lines": []}, "calculate_capital_gains": {"executed_lines": [1278, 1300, 1301, 1311, 1318, 1319], "summary": {"covered_lines": 5, "num_statements": 5, "percent_covered": 100.0, "percent_covered_display": "100", "missing_lines": 0, "excluded_lines": 0}, "missing_lines": [], "excluded_lines": []}, "calculate_advance_tax": {"executed_lines": [1351, 1369, 1370, 1376, 1384], "summary": {"covered_lines": 4, "num_statements": 5, "percent_covered": 80.0, "percent_covered_display": "80", "missing_lines": 1, "excluded_lines": 0}, "missing_lines": [1383], "excluded_lines": []}, "lookup_bbps_biller": {"executed_lines": [1414, 1430, 1431, 1436, 1443, 1444], "summary": {"covered_lines": 5, "num_statements": 5, "percent_covered": 100.0, "percent_covered_display": "100", "missing_lines": 0, "excluded_lines": 0}, "missing_lines": [], "excluded_lines": []}, "main": {"executed_lines": [1452, 1453, 1454, 1459, 1460, 1461, 1462, 1463, 1464, 1465, 1466, 1467, 1468, 1469, 1470, 1471], "summary": {"covered_lines": 12, "num_statements": 12, "percent_covered": 100.0, "percent_covered_display": "100", "missing_lines": 0, "excluded_lines": 0}, "missing_lines": [], "excluded_lines": []}, "schema_lookup_ifsc": {"executed_lines": [1476, 1477], "summary": {"covered_lines": 1, "num_statements": 1, "percent_covered": 100.0, "percent_covered_display": "100", "missing_lines": 0, "excluded_lines": 0}, "missing_lines": [], "excluded_lines": []}, "schema_validate_gstin": {"executed_lines": [1506], "summary": {"covered_lines": 1, "num_statements": 1, "percent_covered": 100.0, "percent_covered_display": "100", "missing_lines": 0, "excluded_lines": 0}, "missing_lines": [], "excluded_lines": []}, "schema_validate_pan": {"executed_lines": [1530], "summary": {"covered_lines": 1, "num_statements": 1, "percent_covered": 100.0, "percent_covered_display": "100", "missing_lines": 0, "excluded_lines": 0}, "missing_lines": [], "excluded_lines": []}, "schema_validate_upi_vpa": {"executed_lines": [1545, 1546], "summary": {"covered_lines": 1, "num_statements": 1, "percent_covered": 100.0, "percent_covered_display": "100", "missing_lines": 0, "excluded_lines": 0}, "missing_lines": [], "excluded_lines": []}, "schema_lookup_pincode": {"executed_lines": [1563], "summary": {"covered_lines": 1, "num_statements": 1, "percent_covered": 100.0, "percent_covered_display": "100", "missing_lines": 0, "excluded_lines": 0}, "missing_lines": [], "excluded_lines": []}, "schema_lookup_hsn_code": {"executed_lines": [1580], "summary": {"covered_lines": 1, "num_statements": 1, "percent_covered": 100.0, "percent_covered_display": "100", "missing_lines": 0, "excluded_lines": 0}, "missing_lines": [], "excluded_lines": []}, "schema_decode_state_code": {"executed_lines": [1596], "summary": {"covered_lines": 1, "num_statements": 1, "percent_covered": 100.0, "percent_covered_display": "100", "missing_lines": 0, "excluded_lines": 0}, "missing_lines": [], "excluded_lines": []}, "schema_validate_aadhaar": {"executed_lines": [1613], "summary": {"covered_lines": 1, "num_statements": 1, "percent_covered": 100.0, "percent_covered_display": "100", "missing_lines": 0, "excluded_lines": 0}, "missing_lines": [], "excluded_lines": []}, "schema_validate_voter_id": {"executed_lines": [1629], "summary": {"covered_lines": 1, "num_statements": 1, "percent_covered": 100.0, "percent_covered_display": "100", "missing_lines": 0, "excluded_lines": 0}, "missing_lines": [], "excluded_lines": []}, "schema_validate_driving_license": {"executed_lines": [1645, 1646], "summary": {"covered_lines": 1, "num_statements": 1, "percent_covered": 100.0, "percent_covered_display": "100", "missing_lines": 0, "excluded_lines": 0}, "missing_lines": [], "excluded_lines": []}, "schema_validate_passport": {"executed_lines": [1665], "summary": {"covered_lines": 1, "num_statements": 1, "percent_covered": 100.0, "percent_covered_display": "100", "missing_lines": 0, "excluded_lines": 0}, "missing_lines": [], "excluded_lines": []}, "schema_validate_cin": {"executed_lines": [1680, 1681], "summary": {"covered_lines": 1, "num_statements": 1, "percent_covered": 100.0, "percent_covered_display": "100", "missing_lines": 0, "excluded_lines": 0}, "missing_lines": [], "excluded_lines": []}, "schema_validate_din": {"executed_lines": [1701], "summary": {"covered_lines": 1, "num_statements": 1, "percent_covered": 100.0, "percent_covered_display": "100", "missing_lines": 0, "excluded_lines": 0}, "missing_lines": [], "excluded_lines": []}, "schema_calculate_income_tax": {"executed_lines": [1716], "summary": {"covered_lines": 1, "num_statements": 1, "percent_covered": 100.0, "percent_covered_display": "100", "missing_lines": 0, "excluded_lines": 0}, "missing_lines": [], "excluded_lines": []}, "schema_calculate_tds": {"executed_lines": [1738], "summary": {"covered_lines": 1, "num_statements": 1, "percent_covered": 100.0, "percent_covered_display": "100", "missing_lines": 0, "excluded_lines": 0}, "missing_lines": [], "excluded_lines": []}, "schema_calculate_gst": {"executed_lines": [1756], "summary": {"covered_lines": 1, "num_statements": 1, "percent_covered": 100.0, "percent_covered_display": "100", "missing_lines": 0, "excluded_lines": 0}, "missing_lines": [], "excluded_lines": []}, "schema_calculate_surcharge": {"executed_lines": [1776], "summary": {"covered_lines": 1, "num_statements": 1, "percent_covered": 100.0, "percent_covered_display": "100", "missing_lines": 0, "excluded_lines": 0}, "missing_lines": [], "excluded_lines": []}, "schema_calculate_hra_exemption": {"executed_lines": [1795], "summary": {"covered_lines": 1, "num_statements": 1, "percent_covered": 100.0, "percent_covered_display": "100", "missing_lines": 0, "excluded_lines": 0}, "missing_lines": [], "excluded_lines": []}, "schema_calculate_capital_gains": {"executed_lines": [1815], "summary": {"covered_lines": 1, "num_statements": 1, "percent_covered": 100.0, "percent_covered_display": "100", "missing_lines": 0, "excluded_lines": 0}, "missing_lines": [], "excluded_lines": []}, "schema_calculate_advance_tax": {"executed_lines": [1837, 1838], "summary": {"covered_lines": 1, "num_statements": 1, "percent_covered": 100.0, "percent_covered_display": "100", "missing_lines": 0, "excluded_lines": 0}, "missing_lines": [], "excluded_lines": []}, "schema_bulk_validate_gstin": {"executed_lines": [], "summary": {"covered_lines": 0, "num_statements": 1, "percent_covered": 0.0, "percent_covered_display": "0", "missing_lines": 1, "excluded_lines": 0}, "missing_lines": [1859], "excluded_lines": []}, "vendor_kyc": {"executed_lines": [1872], "summary": {"covered_lines": 0, "num_statements": 1, "percent_covered": 0.0, "percent_covered_display": "0", "missing_lines": 1, "excluded_lines": 0}, "missing_lines": [1877], "excluded_lines": []}, "salary_planner": {"executed_lines": [1909], "summary": {"covered_lines": 1, "num_statements": 1, "percent_covered": 100.0, "percent_covered_display": "100", "missing_lines": 0, "excluded_lines": 0}, "missing_lines": [], "excluded_lines": []}, "invoice_audit": {"executed_lines": [1948], "summary": {"covered_lines": 1, "num_statements": 1, "percent_covered": 100.0, "percent_covered_display": "100", "missing_lines": 0, "excluded_lines": 0}, "missing_lines": [], "excluded_lines": []}, "server_status": {"executed_lines": [1995], "summary": {"covered_lines": 1, "num_statements": 1, "percent_covered": 100.0, "percent_covered_display": "100", "missing_lines": 0, "excluded_lines": 0}, "missing_lines": [], "excluded_lines": []}, "changelog": {"executed_lines": [2008, 2009], "summary": {"covered_lines": 1, "num_statements": 1, "percent_covered": 100.0, "percent_covered_display": "100", "missing_lines": 0, "excluded_lines": 0}, "missing_lines": [], "excluded_lines": []}, "_validate_single_pan": {"executed_lines": [2046, 2047, 2048, 2049, 2050], "summary": {"covered_lines": 4, "num_statements": 5, "percent_covered": 80.0, "percent_covered_display": "80", "missing_lines": 1, "excluded_lines": 0}, "missing_lines": [2051], "excluded_lines": []}, "_validate_single_ifsc": {"executed_lines": [2055, 2056, 2057, 2058, 2059, 2060, 2061], "summary": {"covered_lines": 5, "num_statements": 5, "percent_covered": 100.0, "percent_covered_display": "100", "missing_lines": 0, "excluded_lines": 0}, "missing_lines": [], "excluded_lines": []}, "bulk_validate_pan": {"executed_lines": [2077, 2078, 2079, 2080, 2081, 2082, 2083, 2085, 2086, 2087, 2088, 2089, 2090, 2091, 2092, 2093, 2094, 2096, 2097, 2099], "summary": {"covered_lines": 17, "num_statements": 17, "percent_covered": 100.0, "percent_covered_display": "100", "missing_lines": 0, "excluded_lines": 0}, "missing_lines": [], "excluded_lines": []}, "bulk_validate_ifsc": {"executed_lines": [2116, 2117, 2118, 2119, 2120, 2121, 2122, 2123, 2124, 2125, 2126, 2127, 2128, 2131, 2132, 2133, 2134, 2135, 2136, 2137, 2138, 2139, 2140], "summary": {"covered_lines": 17, "num_statements": 17, "percent_covered": 100.0, "percent_covered_display": "100", "missing_lines": 0, "excluded_lines": 0}, "missing_lines": [], "excluded_lines": []}, "decode_pan_type": {"executed_lines": [2157, 2158, 2159, 2160, 2161, 2162, 2163, 2164, 2165, 2178, 2179, 2180, 2192, 2193], "summary": {"covered_lines": 9, "num_statements": 9, "percent_covered": 100.0, "percent_covered_display": "100", "missing_lines": 0, "excluded_lines": 0}, "missing_lines": [], "excluded_lines": []}, "lookup_bank": {"executed_lines": [2211, 2212, 2213, 2285, 2286, 2287, 2288, 2289], "summary": {"covered_lines": 4, "num_statements": 4, "percent_covered": 100.0, "percent_covered_display": "100", "missing_lines": 0, "excluded_lines": 0}, "missing_lines": [], "excluded_lines": []}, "validate_epf_code": {"executed_lines": [2314, 2315, 2316, 2317, 2318, 2324, 2326], "summary": {"covered_lines": 4, "num_statements": 5, "percent_covered": 80.0, "percent_covered_display": "80", "missing_lines": 1, "excluded_lines": 0}, "missing_lines": [2325], "excluded_lines": []}, "validate_esic_code": {"executed_lines": [2351, 2352, 2353, 2354, 2355, 2361, 2362, 2363], "summary": {"covered_lines": 5, "num_statements": 5, "percent_covered": 100.0, "percent_covered_display": "100", "missing_lines": 0, "excluded_lines": 0}, "missing_lines": [], "excluded_lines": []}, "decode_digilocker_uri": {"executed_lines": [2387, 2388, 2389, 2390, 2391, 2392, 2393, 2394, 2395, 2396, 2397, 2398, 2399, 2400, 2402, 2403, 2404, 2405, 2406, 2407, 2418, 2419, 2420, 2421, 2422, 2423, 2424, 2425, 2426, 2427, 2428, 2430, 2435], "summary": {"covered_lines": 23, "num_statements": 27, "percent_covered": 85.18518518518519, "percent_covered_display": "85", "missing_lines": 4, "excluded_lines": 0}, "missing_lines": [2401, 2431, 2432, 2433], "excluded_lines": []}, "": {"executed_lines": [1, 3, 5, 6, 7, 8, 9, 11, 12, 13, 15, 18, 21, 24, 27, 30, 33, 36, 39, 42, 45, 48, 51, 54, 57, 60, 63, 66, 69, 72, 75, 78, 81, 83, 94, 101, 145, 152, 198, 200, 201, 203, 216, 217, 218, 225, 293, 294, 295, 302, 338, 340, 347, 381, 382, 383, 390, 421, 423, 430, 469, 471, 478, 508, 509, 512, 513, 515, 522, 566, 568, 575, 617, 624, 664, 671, 713, 720, 764, 771, 813, 820, 865, 866, 867, 869, 870, 871, 878, 972, 979, 1034, 1035, 1042, 1104, 1111, 1161, 1162, 1169, 1233, 1235, 1242, 1326, 1333, 1391, 1398, 1449, 1450, 1451, 1473, 1474, 1475, 1503, 1504, 1527, 1528, 1543, 1544, 1560, 1561, 1577, 1578, 1593, 1594, 1610, 1611, 1626, 1627, 1643, 1644, 1662, 1663, 1678, 1679, 1698, 1699, 1713, 1714, 1735, 1736, 1753, 1754, 1773, 1774, 1792, 1793, 1812, 1813, 1835, 1836, 1856, 1857, 1870, 1871, 1903, 1904, 1942, 1943, 1978, 1979, 1980, 1981, 1982, 1983, 1984, 1985, 1986, 1987, 1988, 1989, 1992, 1993, 2004, 2006, 2007, 2037, 2038, 2039, 2040, 2041, 2042, 2043, 2044, 2052, 2054, 2062, 2063, 2064, 2065, 2066, 2067, 2074, 2104, 2105, 2106, 2113, 2145, 2146, 2147, 2154, 2199, 2200, 2201, 2208, 2294, 2298, 2300, 2301, 2304, 2311, 2339, 2340, 2341, 2348, 2375, 2376, 2377, 2384, 2452], "summary": {"covered_lines": 162, "num_statements": 163, "percent_covered": 99.38650306748467, "percent_covered_display": "99", "missing_lines": 1, "excluded_lines": 0}, "missing_lines": [2453], "excluded_lines": []}}, "classes": {"": {"executed_lines": [1, 3, 5, 6, 7, 8, 9, 11, 12, 13, 15, 18, 21, 24, 27, 30, 33, 36, 39, 42, 45, 48, 51, 54, 57, 60, 63, 66, 69, 72, 75, 78, 81, 83, 94, 101, 125, 126, 127, 134, 135, 145, 152, 160, 175, 176, 177, 178, 179, 180, 192, 193, 198, 200, 201, 203, 205, 206, 208, 216, 217, 218, 225, 231, 246, 247, 253, 254, 255, 261, 262, 263, 264, 265, 266, 267, 270, 271, 272, 273, 274, 275, 276, 277, 278, 279, 280, 281, 282, 283, 293, 294, 295, 302, 307, 320, 321, 322, 323, 324, 325, 332, 333, 338, 340, 347, 353, 366, 367, 368, 375, 376, 381, 382, 383, 390, 393, 406, 407, 408, 415, 416, 421, 423, 430, 440, 454, 455, 456, 463, 464, 469, 471, 478, 484, 494, 495, 496, 502, 503, 508, 509, 512, 513, 515, 522, 534, 549, 550, 551, 552, 553, 554, 560, 561, 566, 568, 575, 585, 598, 599, 600, 601, 602, 603, 609, 610, 617, 624, 634, 648, 649, 650, 656, 657, 664, 671, 681, 694, 695, 696, 697, 698, 699, 705, 706, 713, 720, 730, 745, 746, 747, 748, 749, 750, 756, 757, 764, 771, 781, 794, 795, 796, 797, 798, 799, 805, 806, 813, 820, 830, 844, 845, 846, 847, 848, 849, 858, 859, 865, 866, 867, 869, 870, 871, 878, 920, 945, 946, 958, 964, 965, 972, 979, 997, 1014, 1015, 1021, 1027, 1028, 1034, 1035, 1042, 1064, 1082, 1083, 1090, 1096, 1097, 1104, 1111, 1125, 1142, 1143, 1148, 1154, 1155, 1161, 1162, 1169, 1191, 1212, 1213, 1220, 1227, 1228, 1233, 1235, 1242, 1278, 1300, 1301, 1311, 1318, 1319, 1326, 1333, 1351, 1369, 1370, 1376, 1384, 1391, 1398, 1414, 1430, 1431, 1436, 1443, 1444, 1449, 1450, 1451, 1452, 1453, 1454, 1459, 1460, 1461, 1462, 1463, 1464, 1465, 1466, 1467, 1468, 1469, 1470, 1471, 1473, 1474, 1475, 1476, 1477, 1503, 1504, 1506, 1527, 1528, 1530, 1543, 1544, 1545, 1546, 1560, 1561, 1563, 1577, 1578, 1580, 1593, 1594, 1596, 1610, 1611, 1613, 1626, 1627, 1629, 1643, 1644, 1645, 1646, 1662, 1663, 1665, 1678, 1679, 1680, 1681, 1698, 1699, 1701, 1713, 1714, 1716, 1735, 1736, 1738, 1753, 1754, 1756, 1773, 1774, 1776, 1792, 1793, 1795, 1812, 1813, 1815, 1835, 1836, 1837, 1838, 1856, 1857, 1870, 1871, 1872, 1903, 1904, 1909, 1942, 1943, 1948, 1978, 1979, 1980, 1981, 1982, 1983, 1984, 1985, 1986, 1987, 1988, 1989, 1992, 1993, 1995, 2004, 2006, 2007, 2008, 2009, 2037, 2038, 2039, 2040, 2041, 2042, 2043, 2044, 2046, 2047, 2048, 2049, 2050, 2052, 2054, 2055, 2056, 2057, 2058, 2059, 2060, 2061, 2062, 2063, 2064, 2065, 2066, 2067, 2074, 2077, 2078, 2079, 2080, 2081, 2082, 2083, 2085, 2086, 2087, 2088, 2089, 2090, 2091, 2092, 2093, 2094, 2096, 2097, 2099, 2104, 2105, 2106, 2113, 2116, 2117, 2118, 2119, 2120, 2121, 2122, 2123, 2124, 2125, 2126, 2127, 2128, 2131, 2132, 2133, 2134, 2135, 2136, 2137, 2138, 2139, 2140, 2145, 2146, 2147, 2154, 2157, 2158, 2159, 2160, 2161, 2162, 2163, 2164, 2165, 2178, 2179, 2180, 2192, 2193, 2199, 2200, 2201, 2208, 2211, 2212, 2213, 2285, 2286, 2287, 2288, 2289, 2294, 2298, 2300, 2301, 2304, 2311, 2314, 2315, 2316, 2317, 2318, 2324, 2326, 2339, 2340, 2341, 2348, 2351, 2352, 2353, 2354, 2355, 2361, 2362, 2363, 2375, 2376, 2377, 2384, 2387, 2388, 2389, 2390, 2391, 2392, 2393, 2394, 2395, 2396, 2397, 2398, 2399, 2400, 2402, 2403, 2404, 2405, 2406, 2407, 2418, 2419, 2420, 2421, 2422, 2423, 2424, 2425, 2426, 2427, 2428, 2430, 2435, 2452], "summary": {"covered_lines": 433, "num_statements": 444, "percent_covered": 97.52252252252252, "percent_covered_display": "98", "missing_lines": 11, "excluded_lines": 0}, "missing_lines": [207, 1383, 1859, 1877, 2051, 2325, 2401, 2431, 2432, 2433, 2453], "excluded_lines": []}}}, "src\\mcp_india_stack\\telemetry.py": {"executed_lines": [1, 6, 8, 9, 10, 11, 12, 14, 15, 18, 20, 21, 22, 23, 26, 40, 41, 43, 44, 46, 54, 55, 60, 62], "summary": {"covered_lines": 23, "num_statements": 25, "percent_covered": 92.0, "percent_covered_display": "92", "missing_lines": 2, "excluded_lines": 0}, "missing_lines": [56, 57], "excluded_lines": [], "functions": {"_hash_input": {"executed_lines": [20, 21, 22, 23], "summary": {"covered_lines": 4, "num_statements": 4, "percent_covered": 100.0, "percent_covered_display": "100", "missing_lines": 0, "excluded_lines": 0}, "missing_lines": [], "excluded_lines": []}, "log_tool_usage": {"executed_lines": [40, 41, 43, 44, 46, 54, 55], "summary": {"covered_lines": 7, "num_statements": 9, "percent_covered": 77.77777777777777, "percent_covered_display": "78", "missing_lines": 2, "excluded_lines": 0}, "missing_lines": [56, 57], "excluded_lines": []}, "get_telemetry_status": {"executed_lines": [62], "summary": {"covered_lines": 1, "num_statements": 1, "percent_covered": 100.0, "percent_covered_display": "100", "missing_lines": 0, "excluded_lines": 0}, "missing_lines": [], "excluded_lines": []}, "": {"executed_lines": [1, 6, 8, 9, 10, 11, 12, 14, 15, 18, 26, 60], "summary": {"covered_lines": 11, "num_statements": 11, "percent_covered": 100.0, "percent_covered_display": "100", "missing_lines": 0, "excluded_lines": 0}, "missing_lines": [], "excluded_lines": []}}, "classes": {"": {"executed_lines": [1, 6, 8, 9, 10, 11, 12, 14, 15, 18, 20, 21, 22, 23, 26, 40, 41, 43, 44, 46, 54, 55, 60, 62], "summary": {"covered_lines": 23, "num_statements": 25, "percent_covered": 92.0, "percent_covered_display": "92", "missing_lines": 2, "excluded_lines": 0}, "missing_lines": [56, 57], "excluded_lines": []}}}, "src\\mcp_india_stack\\tools\\__init__.py": {"executed_lines": [1, 3, 16, 17, 18, 19, 20, 21, 22, 23, 24, 25, 26, 27, 28, 29, 30, 31, 32, 33, 34, 35, 36, 37, 38, 40], "summary": {"covered_lines": 24, "num_statements": 24, "percent_covered": 100.0, "percent_covered_display": "100", "missing_lines": 0, "excluded_lines": 0}, "missing_lines": [], "excluded_lines": [], "functions": {"": {"executed_lines": [1, 3, 16, 17, 18, 19, 20, 21, 22, 23, 24, 25, 26, 27, 28, 29, 30, 31, 32, 33, 34, 35, 36, 37, 38, 40], "summary": {"covered_lines": 24, "num_statements": 24, "percent_covered": 100.0, "percent_covered_display": "100", "missing_lines": 0, "excluded_lines": 0}, "missing_lines": [], "excluded_lines": []}}, "classes": {"": {"executed_lines": [1, 3, 16, 17, 18, 19, 20, 21, 22, 23, 24, 25, 26, 27, 28, 29, 30, 31, 32, 33, 34, 35, 36, 37, 38, 40], "summary": {"covered_lines": 24, "num_statements": 24, "percent_covered": 100.0, "percent_covered_display": "100", "missing_lines": 0, "excluded_lines": 0}, "missing_lines": [], "excluded_lines": []}}}, "src\\mcp_india_stack\\tools\\aadhaar.py": {"executed_lines": [1, 3, 5, 9, 22, 33, 35, 41, 50, 51, 52, 53, 54, 57, 66, 67, 79, 80, 81, 84, 85, 96, 97, 108, 109, 110, 115, 116, 117, 120, 125, 126, 128, 137, 139], "summary": {"covered_lines": 34, "num_statements": 39, "percent_covered": 87.17948717948718, "percent_covered_display": "87", "missing_lines": 5, "excluded_lines": 0}, "missing_lines": [68, 121, 138, 141, 142], "excluded_lines": [], "functions": {"_verhoeff_checksum": {"executed_lines": [50, 51, 52, 53, 54], "summary": {"covered_lines": 5, "num_statements": 5, "percent_covered": 100.0, "percent_covered_display": "100", "missing_lines": 0, "excluded_lines": 0}, "missing_lines": [], "excluded_lines": []}, "validate_aadhaar": {"executed_lines": [66, 67, 79, 80, 81, 84, 85, 96, 97, 108, 109, 110, 115, 116, 117, 120, 125, 126, 128, 137, 139], "summary": {"covered_lines": 21, "num_statements": 26, "percent_covered": 80.76923076923077, "percent_covered_display": "81", "missing_lines": 5, "excluded_lines": 0}, "missing_lines": [68, 121, 138, 141, 142], "excluded_lines": []}, "": {"executed_lines": [1, 3, 5, 9, 22, 33, 35, 41, 57], "summary": {"covered_lines": 8, "num_statements": 8, "percent_covered": 100.0, "percent_covered_display": "100", "missing_lines": 0, "excluded_lines": 0}, "missing_lines": [], "excluded_lines": []}}, "classes": {"": {"executed_lines": [1, 3, 5, 9, 22, 33, 35, 41, 50, 51, 52, 53, 54, 57, 66, 67, 79, 80, 81, 84, 85, 96, 97, 108, 109, 110, 115, 116, 117, 120, 125, 126, 128, 137, 139], "summary": {"covered_lines": 34, "num_statements": 39, "percent_covered": 87.17948717948718, "percent_covered_display": "87", "missing_lines": 5, "excluded_lines": 0}, "missing_lines": [68, 121, 138, 141, 142], "excluded_lines": []}}}, "src\\mcp_india_stack\\tools\\advance_tax.py": {"executed_lines": [1, 3, 5, 8, 28, 29, 31, 32, 33, 36, 37, 45, 47, 60, 62, 63, 69, 71, 84, 86, 93, 94, 96, 115, 130, 131, 133, 134, 135, 138, 139, 145, 146, 148, 150], "summary": {"covered_lines": 34, "num_statements": 42, "percent_covered": 80.95238095238095, "percent_covered_display": "81", "missing_lines": 8, "excluded_lines": 0}, "missing_lines": [34, 61, 64, 65, 67, 72, 73, 136], "excluded_lines": [], "functions": {"calculate_advance_tax": {"executed_lines": [28, 29, 31, 32, 33, 36, 37, 45, 47, 60, 62, 63, 69, 71, 84, 86, 93, 94, 96], "summary": {"covered_lines": 19, "num_statements": 26, "percent_covered": 73.07692307692308, "percent_covered_display": "73", "missing_lines": 7, "excluded_lines": 0}, "missing_lines": [34, 61, 64, 65, 67, 72, 73], "excluded_lines": []}, "calculate_interest_penalty": {"executed_lines": [130, 131, 133, 134, 135, 138, 139, 145, 146, 148, 150], "summary": {"covered_lines": 11, "num_statements": 12, "percent_covered": 91.66666666666667, "percent_covered_display": "92", "missing_lines": 1, "excluded_lines": 0}, "missing_lines": [136], "excluded_lines": []}, "": {"executed_lines": [1, 3, 5, 8, 115], "summary": {"covered_lines": 4, "num_statements": 4, "percent_covered": 100.0, "percent_covered_display": "100", "missing_lines": 0, "excluded_lines": 0}, "missing_lines": [], "excluded_lines": []}}, "classes": {"": {"executed_lines": [1, 3, 5, 8, 28, 29, 31, 32, 33, 36, 37, 45, 47, 60, 62, 63, 69, 71, 84, 86, 93, 94, 96, 115, 130, 131, 133, 134, 135, 138, 139, 145, 146, 148, 150], "summary": {"covered_lines": 34, "num_statements": 42, "percent_covered": 80.95238095238095, "percent_covered_display": "81", "missing_lines": 8, "excluded_lines": 0}, "missing_lines": [34, 61, 64, 65, 67, 72, 73, 136], "excluded_lines": []}}}, "src\\mcp_india_stack\\tools\\bbps.py": {"executed_lines": [1, 3, 5, 7, 307, 322, 323, 325, 326, 327, 328, 330, 332, 333, 334, 335, 336, 337, 340, 341, 342, 343, 344, 347, 348, 349, 351, 354, 355, 357], "summary": {"covered_lines": 29, "num_statements": 31, "percent_covered": 93.54838709677419, "percent_covered_display": "94", "missing_lines": 2, "excluded_lines": 0}, "missing_lines": [338, 345], "excluded_lines": [], "functions": {"lookup_bbps_biller": {"executed_lines": [322, 323, 325, 326, 327, 328, 330, 332, 333, 334, 335, 336, 337, 340, 341, 342, 343, 344, 347, 348, 349, 351, 354, 355, 357], "summary": {"covered_lines": 25, "num_statements": 27, "percent_covered": 92.5925925925926, "percent_covered_display": "93", "missing_lines": 2, "excluded_lines": 0}, "missing_lines": [338, 345], "excluded_lines": []}, "": {"executed_lines": [1, 3, 5, 7, 307], "summary": {"covered_lines": 4, "num_statements": 4, "percent_covered": 100.0, "percent_covered_display": "100", "missing_lines": 0, "excluded_lines": 0}, "missing_lines": [], "excluded_lines": []}}, "classes": {"": {"executed_lines": [1, 3, 5, 7, 307, 322, 323, 325, 326, 327, 328, 330, 332, 333, 334, 335, 336, 337, 340, 341, 342, 343, 344, 347, 348, 349, 351, 354, 355, 357], "summary": {"covered_lines": 29, "num_statements": 31, "percent_covered": 93.54838709677419, "percent_covered_display": "94", "missing_lines": 2, "excluded_lines": 0}, "missing_lines": [338, 345], "excluded_lines": []}}}, "src\\mcp_india_stack\\tools\\capital_gains.py": {"executed_lines": [1, 3, 5, 8, 9, 10, 11, 25, 44, 45, 46, 47, 48, 49, 50, 51, 52, 54, 55, 56, 57, 58, 59, 60, 61, 62, 73, 74, 75, 76, 77, 78, 79, 80, 81, 82, 83, 84, 85, 86, 87, 88, 89, 90, 91, 92, 93, 94, 95, 96, 97, 98, 100, 101, 103, 104, 105, 106, 107, 108, 110, 111, 112, 113, 114, 116, 117, 118, 119, 120, 121, 122, 123, 127, 128, 129, 130, 131, 133, 134, 135, 136, 137, 138, 139, 141, 142, 146, 147, 168, 179, 186, 187, 189, 191], "summary": {"covered_lines": 80, "num_statements": 82, "percent_covered": 97.5609756097561, "percent_covered_display": "98", "missing_lines": 2, "excluded_lines": 0}, "missing_lines": [99, 102], "excluded_lines": [], "functions": {"calculate_capital_gains": {"executed_lines": [25, 44, 45, 46, 47, 48, 49, 50, 51, 52, 54, 55, 56, 57, 58, 59, 60, 61, 62, 73, 74, 75, 76, 77, 78, 79, 80, 81, 82, 83, 84, 85, 86, 87, 88, 89, 90, 91, 92, 93, 94, 95, 96, 97, 98, 100, 101, 103, 104, 105, 106, 107, 108, 110, 111, 112, 113, 114, 116, 117, 118, 119, 120, 121, 122, 123, 127, 128, 129, 130, 131, 133, 134, 135, 136, 137, 138, 139, 141, 142, 146, 147], "summary": {"covered_lines": 70, "num_statements": 72, "percent_covered": 97.22222222222223, "percent_covered_display": "97", "missing_lines": 2, "excluded_lines": 0}, "missing_lines": [99, 102], "excluded_lines": []}, "calculate_home_loan_savings": {"executed_lines": [179, 186, 187, 189, 191], "summary": {"covered_lines": 5, "num_statements": 5, "percent_covered": 100.0, "percent_covered_display": "100", "missing_lines": 0, "excluded_lines": 0}, "missing_lines": [], "excluded_lines": []}, "": {"executed_lines": [1, 3, 5, 8, 9, 10, 11, 168], "summary": {"covered_lines": 5, "num_statements": 5, "percent_covered": 100.0, "percent_covered_display": "100", "missing_lines": 0, "excluded_lines": 0}, "missing_lines": [], "excluded_lines": []}}, "classes": {"": {"executed_lines": [1, 3, 5, 8, 9, 10, 11, 25, 44, 45, 46, 47, 48, 49, 50, 51, 52, 54, 55, 56, 57, 58, 59, 60, 61, 62, 73, 74, 75, 76, 77, 78, 79, 80, 81, 82, 83, 84, 85, 86, 87, 88, 89, 90, 91, 92, 93, 94, 95, 96, 97, 98, 100, 101, 103, 104, 105, 106, 107, 108, 110, 111, 112, 113, 114, 116, 117, 118, 119, 120, 121, 122, 123, 127, 128, 129, 130, 131, 133, 134, 135, 136, 137, 138, 139, 141, 142, 146, 147, 168, 179, 186, 187, 189, 191], "summary": {"covered_lines": 80, "num_statements": 82, "percent_covered": 97.5609756097561, "percent_covered_display": "98", "missing_lines": 2, "excluded_lines": 0}, "missing_lines": [99, 102], "excluded_lines": []}}}, "src\\mcp_india_stack\\tools\\cin.py": {"executed_lines": [1, 3, 5, 6, 10, 12, 23, 64, 76, 77, 78, 92, 93, 95, 96, 110, 111, 112, 126, 127, 128, 143, 144, 145, 146, 147, 148, 149, 151, 152, 153, 155, 156, 157, 160, 161, 162, 166], "summary": {"covered_lines": 37, "num_statements": 39, "percent_covered": 94.87179487179488, "percent_covered_display": "95", "missing_lines": 2, "excluded_lines": 0}, "missing_lines": [180, 181], "excluded_lines": [], "functions": {"validate_cin": {"executed_lines": [76, 77, 78, 92, 93, 95, 96, 110, 111, 112, 126, 127, 128, 143, 144, 145, 146, 147, 148, 149, 151, 152, 153, 155, 156, 157, 160, 161, 162, 166], "summary": {"covered_lines": 30, "num_statements": 32, "percent_covered": 93.75, "percent_covered_display": "94", "missing_lines": 2, "excluded_lines": 0}, "missing_lines": [180, 181], "excluded_lines": []}, "": {"executed_lines": [1, 3, 5, 6, 10, 12, 23, 64], "summary": {"covered_lines": 7, "num_statements": 7, "percent_covered": 100.0, "percent_covered_display": "100", "missing_lines": 0, "excluded_lines": 0}, "missing_lines": [], "excluded_lines": []}}, "classes": {"": {"executed_lines": [1, 3, 5, 6, 10, 12, 23, 64, 76, 77, 78, 92, 93, 95, 96, 110, 111, 112, 126, 127, 128, 143, 144, 145, 146, 147, 148, 149, 151, 152, 153, 155, 156, 157, 160, 161, 162, 166], "summary": {"covered_lines": 37, "num_statements": 39, "percent_covered": 94.87179487179488, "percent_covered_display": "95", "missing_lines": 2, "excluded_lines": 0}, "missing_lines": [180, 181], "excluded_lines": []}}}, "src\\mcp_india_stack\\tools\\din.py": {"executed_lines": [1, 3, 5, 8, 20, 21, 22, 29, 30, 32, 33, 41, 42, 50, 52, 53, 54, 61, 70], "summary": {"covered_lines": 18, "num_statements": 22, "percent_covered": 81.81818181818181, "percent_covered_display": "82", "missing_lines": 4, "excluded_lines": 0}, "missing_lines": [62, 63, 77, 78], "excluded_lines": [], "functions": {"validate_din": {"executed_lines": [20, 21, 22, 29, 30, 32, 33, 41, 42, 50, 52, 53, 54, 61, 70], "summary": {"covered_lines": 15, "num_statements": 19, "percent_covered": 78.94736842105263, "percent_covered_display": "79", "missing_lines": 4, "excluded_lines": 0}, "missing_lines": [62, 63, 77, 78], "excluded_lines": []}, "": {"executed_lines": [1, 3, 5, 8], "summary": {"covered_lines": 3, "num_statements": 3, "percent_covered": 100.0, "percent_covered_display": "100", "missing_lines": 0, "excluded_lines": 0}, "missing_lines": [], "excluded_lines": []}}, "classes": {"": {"executed_lines": [1, 3, 5, 8, 20, 21, 22, 29, 30, 32, 33, 41, 42, 50, 52, 53, 54, 61, 70], "summary": {"covered_lines": 18, "num_statements": 22, "percent_covered": 81.81818181818181, "percent_covered_display": "82", "missing_lines": 4, "excluded_lines": 0}, "missing_lines": [62, 63, 77, 78], "excluded_lines": []}}}, "src\\mcp_india_stack\\tools\\driving_license.py": {"executed_lines": [1, 3, 5, 6, 9, 11, 14, 55, 67, 68, 69, 82, 83, 85, 86, 99, 100, 101, 102, 103, 105, 106, 107, 110, 111, 112, 114, 127, 128, 144, 145, 147, 149], "summary": {"covered_lines": 32, "num_statements": 34, "percent_covered": 94.11764705882354, "percent_covered_display": "94", "missing_lines": 2, "excluded_lines": 0}, "missing_lines": [161, 162], "excluded_lines": [], "functions": {"validate_driving_license": {"executed_lines": [67, 68, 69, 82, 83, 85, 86, 99, 100, 101, 102, 103, 105, 106, 107, 110, 111, 112, 114, 127, 128, 144, 145, 147, 149], "summary": {"covered_lines": 25, "num_statements": 27, "percent_covered": 92.5925925925926, "percent_covered_display": "93", "missing_lines": 2, "excluded_lines": 0}, "missing_lines": [161, 162], "excluded_lines": []}, "": {"executed_lines": [1, 3, 5, 6, 9, 11, 14, 55], "summary": {"covered_lines": 7, "num_statements": 7, "percent_covered": 100.0, "percent_covered_display": "100", "missing_lines": 0, "excluded_lines": 0}, "missing_lines": [], "excluded_lines": []}}, "classes": {"": {"executed_lines": [1, 3, 5, 6, 9, 11, 14, 55, 67, 68, 69, 82, 83, 85, 86, 99, 100, 101, 102, 103, 105, 106, 107, 110, 111, 112, 114, 127, 128, 144, 145, 147, 149], "summary": {"covered_lines": 32, "num_statements": 34, "percent_covered": 94.11764705882354, "percent_covered_display": "94", "missing_lines": 2, "excluded_lines": 0}, "missing_lines": [161, 162], "excluded_lines": []}}}, "src\\mcp_india_stack\\tools\\fssai.py": {"executed_lines": [1, 3, 5, 6, 8, 11, 26, 27, 29, 30, 31, 39, 41, 42, 43, 51, 62, 63, 64, 65, 68, 75, 78, 116, 119, 120, 123, 124, 125, 126, 131], "summary": {"covered_lines": 30, "num_statements": 35, "percent_covered": 85.71428571428571, "percent_covered_display": "86", "missing_lines": 5, "excluded_lines": 0}, "missing_lines": [52, 53, 127, 128, 129], "excluded_lines": [], "functions": {"validate_fssai": {"executed_lines": [26, 27, 29, 30, 31, 39, 41, 42, 43, 51, 62, 63, 64, 65, 68, 75, 78, 116, 119, 120, 123, 124, 125, 126, 131], "summary": {"covered_lines": 25, "num_statements": 30, "percent_covered": 83.33333333333333, "percent_covered_display": "83", "missing_lines": 5, "excluded_lines": 0}, "missing_lines": [52, 53, 127, 128, 129], "excluded_lines": []}, "": {"executed_lines": [1, 3, 5, 6, 8, 11], "summary": {"covered_lines": 5, "num_statements": 5, "percent_covered": 100.0, "percent_covered_display": "100", "missing_lines": 0, "excluded_lines": 0}, "missing_lines": [], "excluded_lines": []}}, "classes": {"": {"executed_lines": [1, 3, 5, 6, 8, 11, 26, 27, 29, 30, 31, 39, 41, 42, 43, 51, 62, 63, 64, 65, 68, 75, 78, 116, 119, 120, 123, 124, 125, 126, 131], "summary": {"covered_lines": 30, "num_statements": 35, "percent_covered": 85.71428571428571, "percent_covered_display": "86", "missing_lines": 5, "excluded_lines": 0}, "missing_lines": [52, 53, 127, 128, 129], "excluded_lines": []}}}, "src\\mcp_india_stack\\tools\\gst_calculator.py": {"executed_lines": [1, 3, 5, 7, 9, 19, 25, 44, 45, 48, 67, 70, 71, 73, 76, 81, 82, 101, 102, 104, 105, 107, 110, 111, 112, 113, 114, 115, 116, 118, 119, 120, 121, 122, 123, 125, 126, 127, 129], "summary": {"covered_lines": 38, "num_statements": 44, "percent_covered": 86.36363636363636, "percent_covered_display": "86", "missing_lines": 6, "excluded_lines": 0}, "missing_lines": [49, 68, 74, 77, 147, 148], "excluded_lines": [], "functions": {"calculate_gst": {"executed_lines": [44, 45, 48, 67, 70, 71, 73, 76, 81, 82, 101, 102, 104, 105, 107, 110, 111, 112, 113, 114, 115, 116, 118, 119, 120, 121, 122, 123, 125, 126, 127, 129], "summary": {"covered_lines": 32, "num_statements": 38, "percent_covered": 84.21052631578948, "percent_covered_display": "84", "missing_lines": 6, "excluded_lines": 0}, "missing_lines": [49, 68, 74, 77, 147, 148], "excluded_lines": []}, "": {"executed_lines": [1, 3, 5, 7, 9, 19, 25], "summary": {"covered_lines": 6, "num_statements": 6, "percent_covered": 100.0, "percent_covered_display": "100", "missing_lines": 0, "excluded_lines": 0}, "missing_lines": [], "excluded_lines": []}}, "classes": {"": {"executed_lines": [1, 3, 5, 7, 9, 19, 25, 44, 45, 48, 67, 70, 71, 73, 76, 81, 82, 101, 102, 104, 105, 107, 110, 111, 112, 113, 114, 115, 116, 118, 119, 120, 121, 122, 123, 125, 126, 127, 129], "summary": {"covered_lines": 38, "num_statements": 44, "percent_covered": 86.36363636363636, "percent_covered_display": "86", "missing_lines": 6, "excluded_lines": 0}, "missing_lines": [49, 68, 74, 77, 147, 148], "excluded_lines": []}}}, "src\\mcp_india_stack\\tools\\gstin.py": {"executed_lines": [1, 3, 5, 6, 7, 9, 10, 12, 13, 14, 16, 19, 20, 23, 25, 26, 27, 28, 29, 30, 31, 32, 33, 34, 35, 38, 39, 40, 41, 42, 44, 45, 46, 47, 48, 51, 61, 62, 63, 64, 70, 71, 72, 73, 74, 75, 76, 77, 78, 80, 81, 82, 83, 84, 92, 93, 94, 95, 96, 97, 98, 99, 100, 102, 103, 106, 107, 108, 109, 110, 111, 112, 113, 114, 115, 116, 117, 120, 121], "summary": {"covered_lines": 69, "num_statements": 72, "percent_covered": 95.83333333333333, "percent_covered_display": "96", "missing_lines": 3, "excluded_lines": 0}, "missing_lines": [43, 79, 104], "excluded_lines": [], "functions": {"_char_to_value": {"executed_lines": [20], "summary": {"covered_lines": 1, "num_statements": 1, "percent_covered": 100.0, "percent_covered_display": "100", "missing_lines": 0, "excluded_lines": 0}, "missing_lines": [], "excluded_lines": []}, "compute_gstin_checksum": {"executed_lines": [25, 26, 27, 28, 29, 30, 31, 32, 33, 34, 35], "summary": {"covered_lines": 11, "num_statements": 11, "percent_covered": 100.0, "percent_covered_display": "100", "missing_lines": 0, "excluded_lines": 0}, "missing_lines": [], "excluded_lines": []}, "_classify_category": {"executed_lines": [39, 40, 41, 42, 44, 45, 46, 47, 48], "summary": {"covered_lines": 9, "num_statements": 10, "percent_covered": 90.0, "percent_covered_display": "90", "missing_lines": 1, "excluded_lines": 0}, "missing_lines": [43], "excluded_lines": []}, "validate_gstin": {"executed_lines": [61, 62, 63, 64, 70, 71, 72, 73, 74, 75, 76, 77, 78, 80, 81, 82, 83, 84, 92, 93, 94, 95, 96, 97, 98, 99, 100, 102, 103, 106, 107, 108, 109, 110, 111, 112, 113, 114, 115, 116, 117, 120, 121], "summary": {"covered_lines": 34, "num_statements": 36, "percent_covered": 94.44444444444444, "percent_covered_display": "94", "missing_lines": 2, "excluded_lines": 0}, "missing_lines": [79, 104], "excluded_lines": []}, "": {"executed_lines": [1, 3, 5, 6, 7, 9, 10, 12, 13, 14, 16, 19, 23, 38, 51], "summary": {"covered_lines": 14, "num_statements": 14, "percent_covered": 100.0, "percent_covered_display": "100", "missing_lines": 0, "excluded_lines": 0}, "missing_lines": [], "excluded_lines": []}}, "classes": {"": {"executed_lines": [1, 3, 5, 6, 7, 9, 10, 12, 13, 14, 16, 19, 20, 23, 25, 26, 27, 28, 29, 30, 31, 32, 33, 34, 35, 38, 39, 40, 41, 42, 44, 45, 46, 47, 48, 51, 61, 62, 63, 64, 70, 71, 72, 73, 74, 75, 76, 77, 78, 80, 81, 82, 83, 84, 92, 93, 94, 95, 96, 97, 98, 99, 100, 102, 103, 106, 107, 108, 109, 110, 111, 112, 113, 114, 115, 116, 117, 120, 121], "summary": {"covered_lines": 69, "num_statements": 72, "percent_covered": 95.83333333333333, "percent_covered_display": "96", "missing_lines": 3, "excluded_lines": 0}, "missing_lines": [43, 79, 104], "excluded_lines": []}}}, "src\\mcp_india_stack\\tools\\hra.py": {"executed_lines": [1, 3, 5, 8, 27, 28, 30, 31, 32, 34, 37, 38, 50, 51, 53, 54, 59, 60, 61, 62, 63, 65, 66, 68, 69, 72, 73, 75, 94, 113, 114, 116, 124, 125, 127], "summary": {"covered_lines": 34, "num_statements": 36, "percent_covered": 94.44444444444444, "percent_covered_display": "94", "missing_lines": 2, "excluded_lines": 0}, "missing_lines": [33, 35], "excluded_lines": [], "functions": {"calculate_hra_exemption": {"executed_lines": [27, 28, 30, 31, 32, 34, 37, 38, 50, 51, 53, 54, 59, 60, 61, 62, 63, 65, 66, 68, 69, 72, 73, 75], "summary": {"covered_lines": 24, "num_statements": 26, "percent_covered": 92.3076923076923, "percent_covered_display": "92", "missing_lines": 2, "excluded_lines": 0}, "missing_lines": [33, 35], "excluded_lines": []}, "calculate_hra_for_salary_structure": {"executed_lines": [113, 114, 116, 124, 125, 127], "summary": {"covered_lines": 6, "num_statements": 6, "percent_covered": 100.0, "percent_covered_display": "100", "missing_lines": 0, "excluded_lines": 0}, "missing_lines": [], "excluded_lines": []}, "": {"executed_lines": [1, 3, 5, 8, 94], "summary": {"covered_lines": 4, "num_statements": 4, "percent_covered": 100.0, "percent_covered_display": "100", "missing_lines": 0, "excluded_lines": 0}, "missing_lines": [], "excluded_lines": []}}, "classes": {"": {"executed_lines": [1, 3, 5, 8, 27, 28, 30, 31, 32, 34, 37, 38, 50, 51, 53, 54, 59, 60, 61, 62, 63, 65, 66, 68, 69, 72, 73, 75, 94, 113, 114, 116, 124, 125, 127], "summary": {"covered_lines": 34, "num_statements": 36, "percent_covered": 94.44444444444444, "percent_covered_display": "94", "missing_lines": 2, "excluded_lines": 0}, "missing_lines": [33, 35], "excluded_lines": []}}}, "src\\mcp_india_stack\\tools\\hsn.py": {"executed_lines": [1, 3, 5, 6, 8, 10, 12, 18, 19, 22, 24, 25, 26, 33, 34, 35, 42, 43, 58, 59, 60, 67, 68, 69, 70, 88], "summary": {"covered_lines": 25, "num_statements": 27, "percent_covered": 92.5925925925926, "percent_covered_display": "93", "missing_lines": 2, "excluded_lines": 0}, "missing_lines": [27, 61], "excluded_lines": [], "functions": {"_category": {"executed_lines": [19], "summary": {"covered_lines": 1, "num_statements": 1, "percent_covered": 100.0, "percent_covered_display": "100", "missing_lines": 0, "excluded_lines": 0}, "missing_lines": [], "excluded_lines": []}, "lookup_hsn_code": {"executed_lines": [24, 25, 26, 33, 34, 35, 42, 43, 58, 59, 60, 67, 68, 69, 70, 88], "summary": {"covered_lines": 16, "num_statements": 18, "percent_covered": 88.88888888888889, "percent_covered_display": "89", "missing_lines": 2, "excluded_lines": 0}, "missing_lines": [27, 61], "excluded_lines": []}, "": {"executed_lines": [1, 3, 5, 6, 8, 10, 12, 18, 22], "summary": {"covered_lines": 8, "num_statements": 8, "percent_covered": 100.0, "percent_covered_display": "100", "missing_lines": 0, "excluded_lines": 0}, "missing_lines": [], "excluded_lines": []}}, "classes": {"": {"executed_lines": [1, 3, 5, 6, 8, 10, 12, 18, 19, 22, 24, 25, 26, 33, 34, 35, 42, 43, 58, 59, 60, 67, 68, 69, 70, 88], "summary": {"covered_lines": 25, "num_statements": 27, "percent_covered": 92.5925925925926, "percent_covered_display": "93", "missing_lines": 2, "excluded_lines": 0}, "missing_lines": [27, 61], "excluded_lines": []}}}, "src\\mcp_india_stack\\tools\\ifsc.py": {"executed_lines": [1, 3, 5, 6, 7, 9, 11, 13, 15, 18, 19, 20, 21, 22, 25, 35, 36, 37, 38, 39, 40, 41, 42, 43, 44, 45, 46, 47, 48, 49, 50, 51, 52, 53, 61, 62, 63, 64, 85, 86, 87, 88, 89, 90, 91, 92, 113, 114, 115, 116, 117, 118], "summary": {"covered_lines": 43, "num_statements": 43, "percent_covered": 100.0, "percent_covered_display": "100", "missing_lines": 0, "excluded_lines": 0}, "missing_lines": [], "excluded_lines": [], "functions": {"_to_bool": {"executed_lines": [19, 20, 21, 22], "summary": {"covered_lines": 4, "num_statements": 4, "percent_covered": 100.0, "percent_covered_display": "100", "missing_lines": 0, "excluded_lines": 0}, "missing_lines": [], "excluded_lines": []}, "lookup_ifsc": {"executed_lines": [35, 36, 37, 38, 39, 40, 41, 42, 43, 44, 45, 46, 47, 48, 49, 50, 51, 52, 53, 61, 62, 63, 64, 85, 86, 87, 88, 89, 90, 91, 92, 113, 114, 115, 116, 117, 118], "summary": {"covered_lines": 29, "num_statements": 29, "percent_covered": 100.0, "percent_covered_display": "100", "missing_lines": 0, "excluded_lines": 0}, "missing_lines": [], "excluded_lines": []}, "": {"executed_lines": [1, 3, 5, 6, 7, 9, 11, 13, 15, 18, 25], "summary": {"covered_lines": 10, "num_statements": 10, "percent_covered": 100.0, "percent_covered_display": "100", "missing_lines": 0, "excluded_lines": 0}, "missing_lines": [], "excluded_lines": []}}, "classes": {"": {"executed_lines": [1, 3, 5, 6, 7, 9, 11, 13, 15, 18, 19, 20, 21, 22, 25, 35, 36, 37, 38, 39, 40, 41, 42, 43, 44, 45, 46, 47, 48, 49, 50, 51, 52, 53, 61, 62, 63, 64, 85, 86, 87, 88, 89, 90, 91, 92, 113, 114, 115, 116, 117, 118], "summary": {"covered_lines": 43, "num_statements": 43, "percent_covered": 100.0, "percent_covered_display": "100", "missing_lines": 0, "excluded_lines": 0}, "missing_lines": [], "excluded_lines": []}}}, "src\\mcp_india_stack\\tools\\income_tax.py": {"executed_lines": [1, 3, 5, 9, 18, 19, 20, 21, 23, 42, 43, 44, 47, 54, 56, 58, 67, 72, 75, 77, 78, 79, 80, 81, 82, 83, 84, 85, 88, 90, 91, 92, 93, 94, 95, 97, 99, 102, 108, 109, 110, 112, 115, 116, 117, 118, 119, 121, 123, 126, 127, 128, 129, 130, 132, 133, 134, 137, 140, 151, 152, 154, 157, 158, 159, 161, 163, 164, 165, 167, 168, 169, 171, 187, 216, 217, 219, 222, 223, 225, 228, 231, 232, 241, 251, 252, 261, 264, 265, 268, 269, 272, 277, 278, 281, 283, 292, 302, 305, 306, 307, 308, 309, 310, 315], "summary": {"covered_lines": 104, "num_statements": 113, "percent_covered": 92.03539823008849, "percent_covered_display": "92", "missing_lines": 9, "excluded_lines": 0}, "missing_lines": [98, 135, 220, 226, 229, 312, 313, 317, 318], "excluded_lines": [], "functions": {"_compute_slab_tax": {"executed_lines": [77, 78, 79, 80, 81, 82, 83, 84, 85], "summary": {"covered_lines": 9, "num_statements": 9, "percent_covered": 100.0, "percent_covered_display": "100", "missing_lines": 0, "excluded_lines": 0}, "missing_lines": [], "excluded_lines": []}, "_get_surcharge_rate": {"executed_lines": [90, 91, 92, 93, 94, 95, 97, 99], "summary": {"covered_lines": 8, "num_statements": 9, "percent_covered": 88.88888888888889, "percent_covered_display": "89", "missing_lines": 1, "excluded_lines": 0}, "missing_lines": [98], "excluded_lines": []}, "_compute_surcharge_with_marginal_relief": {"executed_lines": [108, 109, 110, 112, 115, 116, 117, 118, 119, 121, 123, 126, 127, 128, 129, 130, 132, 133, 134, 137], "summary": {"covered_lines": 20, "num_statements": 21, "percent_covered": 95.23809523809524, "percent_covered_display": "95", "missing_lines": 1, "excluded_lines": 0}, "missing_lines": [135], "excluded_lines": []}, "_compute_regime": {"executed_lines": [151, 152, 154, 157, 158, 159, 161, 163, 164, 165, 167, 168, 169, 171], "summary": {"covered_lines": 14, "num_statements": 14, "percent_covered": 100.0, "percent_covered_display": "100", "missing_lines": 0, "excluded_lines": 0}, "missing_lines": [], "excluded_lines": []}, "calculate_income_tax": {"executed_lines": [216, 217, 219, 222, 223, 225, 228, 231, 232, 241, 251, 252, 261, 264, 265, 268, 269, 272, 277, 278, 281, 283, 292, 302, 305, 306, 307, 308, 309, 310, 315], "summary": {"covered_lines": 31, "num_statements": 38, "percent_covered": 81.57894736842105, "percent_covered_display": "82", "missing_lines": 7, "excluded_lines": 0}, "missing_lines": [220, 226, 229, 312, 313, 317, 318], "excluded_lines": []}, "": {"executed_lines": [1, 3, 5, 9, 18, 19, 20, 21, 23, 42, 43, 44, 47, 54, 56, 58, 67, 72, 75, 88, 102, 140, 187], "summary": {"covered_lines": 22, "num_statements": 22, "percent_covered": 100.0, "percent_covered_display": "100", "missing_lines": 0, "excluded_lines": 0}, "missing_lines": [], "excluded_lines": []}}, "classes": {"": {"executed_lines": [1, 3, 5, 9, 18, 19, 20, 21, 23, 42, 43, 44, 47, 54, 56, 58, 67, 72, 75, 77, 78, 79, 80, 81, 82, 83, 84, 85, 88, 90, 91, 92, 93, 94, 95, 97, 99, 102, 108, 109, 110, 112, 115, 116, 117, 118, 119, 121, 123, 126, 127, 128, 129, 130, 132, 133, 134, 137, 140, 151, 152, 154, 157, 158, 159, 161, 163, 164, 165, 167, 168, 169, 171, 187, 216, 217, 219, 222, 223, 225, 228, 231, 232, 241, 251, 252, 261, 264, 265, 268, 269, 272, 277, 278, 281, 283, 292, 302, 305, 306, 307, 308, 309, 310, 315], "summary": {"covered_lines": 104, "num_statements": 113, "percent_covered": 92.03539823008849, "percent_covered_display": "92", "missing_lines": 9, "excluded_lines": 0}, "missing_lines": [98, 135, 220, 226, 229, 312, 313, 317, 318], "excluded_lines": []}}}, "src\\mcp_india_stack\\tools\\pan.py": {"executed_lines": [1, 3, 5, 6, 8, 10, 11, 12, 13, 14, 19, 20, 22, 23, 24, 26, 27, 28, 29, 30, 31, 33, 34, 41, 42, 43, 44, 45, 46, 47, 48, 49, 50, 63, 64, 65, 66, 67, 68, 69, 70, 71, 72], "summary": {"covered_lines": 26, "num_statements": 26, "percent_covered": 100.0, "percent_covered_display": "100", "missing_lines": 0, "excluded_lines": 0}, "missing_lines": [], "excluded_lines": [], "functions": {"validate_pan": {"executed_lines": [14, 19, 20, 22, 23, 24, 26, 27, 28, 29, 30, 31, 33, 34, 41, 42, 43, 44, 45, 46, 47, 48, 49, 50], "summary": {"covered_lines": 20, "num_statements": 20, "percent_covered": 100.0, "percent_covered_display": "100", "missing_lines": 0, "excluded_lines": 0}, "missing_lines": [], "excluded_lines": []}, "": {"executed_lines": [1, 3, 5, 6, 8, 10, 11, 12, 13], "summary": {"covered_lines": 6, "num_statements": 6, "percent_covered": 100.0, "percent_covered_display": "100", "missing_lines": 0, "excluded_lines": 0}, "missing_lines": [], "excluded_lines": []}}, "classes": {"": {"executed_lines": [1, 3, 5, 6, 8, 10, 11, 12, 13, 14, 19, 20, 22, 23, 24, 26, 27, 28, 29, 30, 31, 33, 34, 41, 42, 43, 44, 45, 46, 47, 48, 49, 50], "summary": {"covered_lines": 26, "num_statements": 26, "percent_covered": 100.0, "percent_covered_display": "100", "missing_lines": 0, "excluded_lines": 0}, "missing_lines": [], "excluded_lines": []}}}, "src\\mcp_india_stack\\tools\\passport.py": {"executed_lines": [1, 3, 5, 7, 9, 12, 24, 25, 26, 35, 36, 38, 39, 48, 49, 52, 61, 62, 63, 72], "summary": {"covered_lines": 19, "num_statements": 21, "percent_covered": 90.47619047619048, "percent_covered_display": "90", "missing_lines": 2, "excluded_lines": 0}, "missing_lines": [81, 82], "excluded_lines": [], "functions": {"validate_passport": {"executed_lines": [24, 25, 26, 35, 36, 38, 39, 48, 49, 52, 61, 62, 63, 72], "summary": {"covered_lines": 14, "num_statements": 16, "percent_covered": 87.5, "percent_covered_display": "88", "missing_lines": 2, "excluded_lines": 0}, "missing_lines": [81, 82], "excluded_lines": []}, "": {"executed_lines": [1, 3, 5, 7, 9, 12], "summary": {"covered_lines": 5, "num_statements": 5, "percent_covered": 100.0, "percent_covered_display": "100", "missing_lines": 0, "excluded_lines": 0}, "missing_lines": [], "excluded_lines": []}}, "classes": {"": {"executed_lines": [1, 3, 5, 7, 9, 12, 24, 25, 26, 35, 36, 38, 39, 48, 49, 52, 61, 62, 63, 72], "summary": {"covered_lines": 19, "num_statements": 21, "percent_covered": 90.47619047619048, "percent_covered_display": "90", "missing_lines": 2, "excluded_lines": 0}, "missing_lines": [81, 82], "excluded_lines": []}}}, "src\\mcp_india_stack\\tools\\pincode.py": {"executed_lines": [1, 3, 5, 6, 8, 9, 11, 14, 15, 16, 17, 20, 22, 23, 25, 26, 27, 28, 29, 30, 31, 32, 43, 44, 54, 55, 56, 57, 67, 68, 69, 70, 71, 72, 73, 74, 75, 76, 77, 78, 79, 81, 91], "summary": {"covered_lines": 35, "num_statements": 35, "percent_covered": 100.0, "percent_covered_display": "100", "missing_lines": 0, "excluded_lines": 0}, "missing_lines": [], "excluded_lines": [], "functions": {"_state_to_code": {"executed_lines": [15, 16, 17], "summary": {"covered_lines": 3, "num_statements": 3, "percent_covered": 100.0, "percent_covered_display": "100", "missing_lines": 0, "excluded_lines": 0}, "missing_lines": [], "excluded_lines": []}, "lookup_pincode": {"executed_lines": [22, 23, 25, 26, 27, 28, 29, 30, 31, 32, 43, 44, 54, 55, 56, 57, 67, 68, 69, 70, 71, 72, 73, 74, 75, 76, 77, 78, 79, 81, 91], "summary": {"covered_lines": 24, "num_statements": 24, "percent_covered": 100.0, "percent_covered_display": "100", "missing_lines": 0, "excluded_lines": 0}, "missing_lines": [], "excluded_lines": []}, "": {"executed_lines": [1, 3, 5, 6, 8, 9, 11, 14, 20], "summary": {"covered_lines": 8, "num_statements": 8, "percent_covered": 100.0, "percent_covered_display": "100", "missing_lines": 0, "excluded_lines": 0}, "missing_lines": [], "excluded_lines": []}}, "classes": {"": {"executed_lines": [1, 3, 5, 6, 8, 9, 11, 14, 15, 16, 17, 20, 22, 23, 25, 26, 27, 28, 29, 30, 31, 32, 43, 44, 54, 55, 56, 57, 67, 68, 69, 70, 71, 72, 73, 74, 75, 76, 77, 78, 79, 81, 91], "summary": {"covered_lines": 35, "num_statements": 35, "percent_covered": 100.0, "percent_covered_display": "100", "missing_lines": 0, "excluded_lines": 0}, "missing_lines": [], "excluded_lines": []}}}, "src\\mcp_india_stack\\tools\\state_code.py": {"executed_lines": [1, 3, 5, 6, 8, 10, 13, 22, 23, 25, 26, 27, 29, 30, 31, 33, 34, 35, 36, 38], "summary": {"covered_lines": 19, "num_statements": 19, "percent_covered": 100.0, "percent_covered_display": "100", "missing_lines": 0, "excluded_lines": 0}, "missing_lines": [], "excluded_lines": [], "functions": {"decode_state_code": {"executed_lines": [22, 23, 25, 26, 27, 29, 30, 31, 33, 34, 35, 36, 38], "summary": {"covered_lines": 13, "num_statements": 13, "percent_covered": 100.0, "percent_covered_display": "100", "missing_lines": 0, "excluded_lines": 0}, "missing_lines": [], "excluded_lines": []}, "": {"executed_lines": [1, 3, 5, 6, 8, 10, 13], "summary": {"covered_lines": 6, "num_statements": 6, "percent_covered": 100.0, "percent_covered_display": "100", "missing_lines": 0, "excluded_lines": 0}, "missing_lines": [], "excluded_lines": []}}, "classes": {"": {"executed_lines": [1, 3, 5, 6, 8, 10, 13, 22, 23, 25, 26, 27, 29, 30, 31, 33, 34, 35, 36, 38], "summary": {"covered_lines": 19, "num_statements": 19, "percent_covered": 100.0, "percent_covered_display": "100", "missing_lines": 0, "excluded_lines": 0}, "missing_lines": [], "excluded_lines": []}}}, "src\\mcp_india_stack\\tools\\surcharge.py": {"executed_lines": [1, 3, 5, 7, 12, 18, 20, 21, 22, 23, 24, 25, 27, 28, 29, 32, 50, 51, 53, 54, 55, 56, 58, 59, 60, 61, 63, 64, 66, 67, 80, 81, 82, 85, 87, 88, 89, 90, 91, 92, 93, 94, 95, 96, 98, 99, 100, 101, 102, 104, 105, 106, 109, 110, 113, 115], "summary": {"covered_lines": 55, "num_statements": 59, "percent_covered": 93.22033898305085, "percent_covered_display": "93", "missing_lines": 4, "excluded_lines": 0}, "missing_lines": [107, 111, 128, 129], "excluded_lines": [], "functions": {"_get_surcharge_rate": {"executed_lines": [20, 21, 22, 23, 24, 25, 27, 28, 29], "summary": {"covered_lines": 9, "num_statements": 9, "percent_covered": 100.0, "percent_covered_display": "100", "missing_lines": 0, "excluded_lines": 0}, "missing_lines": [], "excluded_lines": []}, "calculate_surcharge": {"executed_lines": [50, 51, 53, 54, 55, 56, 58, 59, 60, 61, 63, 64, 66, 67, 80, 81, 82, 85, 87, 88, 89, 90, 91, 92, 93, 94, 95, 96, 98, 99, 100, 101, 102, 104, 105, 106, 109, 110, 113, 115], "summary": {"covered_lines": 40, "num_statements": 44, "percent_covered": 90.9090909090909, "percent_covered_display": "91", "missing_lines": 4, "excluded_lines": 0}, "missing_lines": [107, 111, 128, 129], "excluded_lines": []}, "": {"executed_lines": [1, 3, 5, 7, 12, 18, 32], "summary": {"covered_lines": 6, "num_statements": 6, "percent_covered": 100.0, "percent_covered_display": "100", "missing_lines": 0, "excluded_lines": 0}, "missing_lines": [], "excluded_lines": []}}, "classes": {"": {"executed_lines": [1, 3, 5, 7, 12, 18, 20, 21, 22, 23, 24, 25, 27, 28, 29, 32, 50, 51, 53, 54, 55, 56, 58, 59, 60, 61, 63, 64, 66, 67, 80, 81, 82, 85, 87, 88, 89, 90, 91, 92, 93, 94, 95, 96, 98, 99, 100, 101, 102, 104, 105, 106, 109, 110, 113, 115], "summary": {"covered_lines": 55, "num_statements": 59, "percent_covered": 93.22033898305085, "percent_covered_display": "93", "missing_lines": 4, "excluded_lines": 0}, "missing_lines": [107, 111, 128, 129], "excluded_lines": []}}}, "src\\mcp_india_stack\\tools\\tds.py": {"executed_lines": [1, 3, 5, 7, 85, 91, 108, 109, 111, 112, 116, 117, 118, 119, 121, 122, 138, 139, 142, 143, 144, 147, 149, 150, 167, 168, 169, 170, 172, 173, 174, 175, 176, 178, 180], "summary": {"covered_lines": 34, "num_statements": 36, "percent_covered": 94.44444444444444, "percent_covered_display": "94", "missing_lines": 2, "excluded_lines": 0}, "missing_lines": [196, 197], "excluded_lines": [], "functions": {"calculate_tds": {"executed_lines": [108, 109, 111, 112, 116, 117, 118, 119, 121, 122, 138, 139, 142, 143, 144, 147, 149, 150, 167, 168, 169, 170, 172, 173, 174, 175, 176, 178, 180], "summary": {"covered_lines": 29, "num_statements": 31, "percent_covered": 93.54838709677419, "percent_covered_display": "94", "missing_lines": 2, "excluded_lines": 0}, "missing_lines": [196, 197], "excluded_lines": []}, "": {"executed_lines": [1, 3, 5, 7, 85, 91], "summary": {"covered_lines": 5, "num_statements": 5, "percent_covered": 100.0, "percent_covered_display": "100", "missing_lines": 0, "excluded_lines": 0}, "missing_lines": [], "excluded_lines": []}}, "classes": {"": {"executed_lines": [1, 3, 5, 7, 85, 91, 108, 109, 111, 112, 116, 117, 118, 119, 121, 122, 138, 139, 142, 143, 144, 147, 149, 150, 167, 168, 169, 170, 172, 173, 174, 175, 176, 178, 180], "summary": {"covered_lines": 34, "num_statements": 36, "percent_covered": 94.44444444444444, "percent_covered_display": "94", "missing_lines": 2, "excluded_lines": 0}, "missing_lines": [196, 197], "excluded_lines": []}}}, "src\\mcp_india_stack\\tools\\upi.py": {"executed_lines": [1, 3, 5, 6, 8, 10, 11, 14, 16, 19, 20, 21, 23, 24, 25, 26, 28, 29, 31, 32, 33, 35, 38, 41, 42, 43, 44, 45, 49], "summary": {"covered_lines": 28, "num_statements": 31, "percent_covered": 90.3225806451613, "percent_covered_display": "90", "missing_lines": 3, "excluded_lines": 0}, "missing_lines": [17, 36, 39], "excluded_lines": [], "functions": {"validate_upi_vpa": {"executed_lines": [16, 19, 20, 21, 23, 24, 25, 26, 28, 29, 31, 32, 33, 35, 38, 41, 42, 43, 44, 45, 49], "summary": {"covered_lines": 21, "num_statements": 24, "percent_covered": 87.5, "percent_covered_display": "88", "missing_lines": 3, "excluded_lines": 0}, "missing_lines": [17, 36, 39], "excluded_lines": []}, "": {"executed_lines": [1, 3, 5, 6, 8, 10, 11, 14], "summary": {"covered_lines": 7, "num_statements": 7, "percent_covered": 100.0, "percent_covered_display": "100", "missing_lines": 0, "excluded_lines": 0}, "missing_lines": [], "excluded_lines": []}}, "classes": {"": {"executed_lines": [1, 3, 5, 6, 8, 10, 11, 14, 16, 19, 20, 21, 23, 24, 25, 26, 28, 29, 31, 32, 33, 35, 38, 41, 42, 43, 44, 45, 49], "summary": {"covered_lines": 28, "num_statements": 31, "percent_covered": 90.3225806451613, "percent_covered_display": "90", "missing_lines": 3, "excluded_lines": 0}, "missing_lines": [17, 36, 39], "excluded_lines": []}}}, "src\\mcp_india_stack\\tools\\voter_id.py": {"executed_lines": [1, 3, 5, 7, 8, 10, 13, 25, 26, 27, 37, 38, 40, 41, 52, 53, 64, 65, 79, 80, 82, 84], "summary": {"covered_lines": 21, "num_statements": 23, "percent_covered": 91.30434782608695, "percent_covered_display": "91", "missing_lines": 2, "excluded_lines": 0}, "missing_lines": [94, 95], "excluded_lines": [], "functions": {"validate_voter_id": {"executed_lines": [25, 26, 27, 37, 38, 40, 41, 52, 53, 64, 65, 79, 80, 82, 84], "summary": {"covered_lines": 15, "num_statements": 17, "percent_covered": 88.23529411764706, "percent_covered_display": "88", "missing_lines": 2, "excluded_lines": 0}, "missing_lines": [94, 95], "excluded_lines": []}, "": {"executed_lines": [1, 3, 5, 7, 8, 10, 13], "summary": {"covered_lines": 6, "num_statements": 6, "percent_covered": 100.0, "percent_covered_display": "100", "missing_lines": 0, "excluded_lines": 0}, "missing_lines": [], "excluded_lines": []}}, "classes": {"": {"executed_lines": [1, 3, 5, 7, 8, 10, 13, 25, 26, 27, 37, 38, 40, 41, 52, 53, 64, 65, 79, 80, 82, 84], "summary": {"covered_lines": 21, "num_statements": 23, "percent_covered": 91.30434782608695, "percent_covered_display": "91", "missing_lines": 2, "excluded_lines": 0}, "missing_lines": [94, 95], "excluded_lines": []}}}, "src\\mcp_india_stack\\utils\\__init__.py": {"executed_lines": [0], "summary": {"covered_lines": 0, "num_statements": 0, "percent_covered": 100.0, "percent_covered_display": "100", "missing_lines": 0, "excluded_lines": 0}, "missing_lines": [], "excluded_lines": [], "functions": {"": {"executed_lines": [], "summary": {"covered_lines": 0, "num_statements": 0, "percent_covered": 100.0, "percent_covered_display": "100", "missing_lines": 0, "excluded_lines": 0}, "missing_lines": [], "excluded_lines": []}}, "classes": {"": {"executed_lines": [], "summary": {"covered_lines": 0, "num_statements": 0, "percent_covered": 100.0, "percent_covered_display": "100", "missing_lines": 0, "excluded_lines": 0}, "missing_lines": [], "excluded_lines": []}}}, "src\\mcp_india_stack\\utils\\cache.py": {"executed_lines": [1, 3, 5, 7, 10, 18, 19, 20], "summary": {"covered_lines": 7, "num_statements": 7, "percent_covered": 100.0, "percent_covered_display": "100", "missing_lines": 0, "excluded_lines": 0}, "missing_lines": [], "excluded_lines": [], "functions": {"get_cache_dir": {"executed_lines": [18, 19, 20], "summary": {"covered_lines": 3, "num_statements": 3, "percent_covered": 100.0, "percent_covered_display": "100", "missing_lines": 0, "excluded_lines": 0}, "missing_lines": [], "excluded_lines": []}, "": {"executed_lines": [1, 3, 5, 7, 10], "summary": {"covered_lines": 4, "num_statements": 4, "percent_covered": 100.0, "percent_covered_display": "100", "missing_lines": 0, "excluded_lines": 0}, "missing_lines": [], "excluded_lines": []}}, "classes": {"": {"executed_lines": [1, 3, 5, 7, 10, 18, 19, 20], "summary": {"covered_lines": 7, "num_statements": 7, "percent_covered": 100.0, "percent_covered_display": "100", "missing_lines": 0, "excluded_lines": 0}, "missing_lines": [], "excluded_lines": []}}}, "src\\mcp_india_stack\\utils\\datasets.py": {"executed_lines": [1, 8, 10, 13, 14, 16, 17, 18, 19, 22], "summary": {"covered_lines": 8, "num_statements": 8, "percent_covered": 100.0, "percent_covered_display": "100", "missing_lines": 0, "excluded_lines": 0}, "missing_lines": [], "excluded_lines": [], "functions": {"": {"executed_lines": [1, 8, 10, 13, 14, 16, 17, 18, 19, 22], "summary": {"covered_lines": 8, "num_statements": 8, "percent_covered": 100.0, "percent_covered_display": "100", "missing_lines": 0, "excluded_lines": 0}, "missing_lines": [], "excluded_lines": []}}, "classes": {"DatasetConfig": {"executed_lines": [], "summary": {"covered_lines": 0, "num_statements": 0, "percent_covered": 100.0, "percent_covered_display": "100", "missing_lines": 0, "excluded_lines": 0}, "missing_lines": [], "excluded_lines": []}, "": {"executed_lines": [1, 8, 10, 13, 14, 16, 17, 18, 19, 22], "summary": {"covered_lines": 8, "num_statements": 8, "percent_covered": 100.0, "percent_covered_display": "100", "missing_lines": 0, "excluded_lines": 0}, "missing_lines": [], "excluded_lines": []}}}, "src\\mcp_india_stack\\utils\\loader.py": {"executed_lines": [1, 3, 5, 6, 7, 8, 9, 10, 11, 13, 15, 17, 18, 21, 22, 25, 27, 30, 31, 36, 39, 40, 42, 43, 44, 45, 48, 51, 52, 54, 55, 56, 57, 60, 63, 64, 66, 67, 68, 92, 108, 109, 112, 113, 116, 117, 119, 120, 121, 122, 123, 124, 125, 126, 128, 131, 134, 135, 137, 138, 139, 150, 158, 159, 162, 163, 164, 165, 166, 168, 169, 170, 171, 174, 175, 177, 178, 179, 180, 181], "summary": {"covered_lines": 78, "num_statements": 83, "percent_covered": 93.97590361445783, "percent_covered_display": "94", "missing_lines": 5, "excluded_lines": 10}, "missing_lines": [32, 110, 127, 160, 167], "excluded_lines": [46, 47, 58, 59, 89, 90, 129, 130, 147, 148], "functions": {"_normalize_hsn_code": {"executed_lines": [27], "summary": {"covered_lines": 1, "num_statements": 1, "percent_covered": 100.0, "percent_covered_display": "100", "missing_lines": 0, "excluded_lines": 0}, "missing_lines": [], "excluded_lines": []}, "_must_exist": {"executed_lines": [31, 36], "summary": {"covered_lines": 2, "num_statements": 3, "percent_covered": 66.66666666666667, "percent_covered_display": "67", "missing_lines": 1, "excluded_lines": 0}, "missing_lines": [32], "excluded_lines": []}, "load_state_codes": {"executed_lines": [42, 43, 44, 45, 48], "summary": {"covered_lines": 5, "num_statements": 5, "percent_covered": 100.0, "percent_covered_display": "100", "missing_lines": 0, "excluded_lines": 2}, "missing_lines": [], "excluded_lines": [46, 47]}, "load_upi_handles": {"executed_lines": [54, 55, 56, 57, 60], "summary": {"covered_lines": 5, "num_statements": 5, "percent_covered": 100.0, "percent_covered_display": "100", "missing_lines": 0, "excluded_lines": 2}, "missing_lines": [], "excluded_lines": [58, 59]}, "load_ifsc_index": {"executed_lines": [66, 67, 68, 92, 108, 109, 112, 113], "summary": {"covered_lines": 8, "num_statements": 9, "percent_covered": 88.88888888888889, "percent_covered_display": "89", "missing_lines": 1, "excluded_lines": 2}, "missing_lines": [110], "excluded_lines": [89, 90]}, "load_pincode_index": {"executed_lines": [119, 120, 121, 122, 123, 124, 125, 126, 128, 131], "summary": {"covered_lines": 10, "num_statements": 11, "percent_covered": 90.9090909090909, "percent_covered_display": "91", "missing_lines": 1, "excluded_lines": 2}, "missing_lines": [127], "excluded_lines": [129, 130]}, "load_hsn_index": {"executed_lines": [137, 138, 139, 150, 158, 159, 162, 163, 164, 165, 166, 168, 169, 170, 171], "summary": {"covered_lines": 15, "num_statements": 17, "percent_covered": 88.23529411764706, "percent_covered_display": "88", "missing_lines": 2, "excluded_lines": 2}, "missing_lines": [160, 167], "excluded_lines": [147, 148]}, "load_hsn_rows": {"executed_lines": [177, 178, 179, 180, 181], "summary": {"covered_lines": 5, "num_statements": 5, "percent_covered": 100.0, "percent_covered_display": "100", "missing_lines": 0, "excluded_lines": 0}, "missing_lines": [], "excluded_lines": []}, "": {"executed_lines": [1, 3, 5, 6, 7, 8, 9, 10, 11, 13, 15, 17, 18, 21, 22, 25, 30, 39, 40, 51, 52, 63, 64, 116, 117, 134, 135, 174, 175], "summary": {"covered_lines": 27, "num_statements": 27, "percent_covered": 100.0, "percent_covered_display": "100", "missing_lines": 0, "excluded_lines": 0}, "missing_lines": [], "excluded_lines": []}}, "classes": {"DataLoadError": {"executed_lines": [], "summary": {"covered_lines": 0, "num_statements": 0, "percent_covered": 100.0, "percent_covered_display": "100", "missing_lines": 0, "excluded_lines": 0}, "missing_lines": [], "excluded_lines": []}, "": {"executed_lines": [1, 3, 5, 6, 7, 8, 9, 10, 11, 13, 15, 17, 18, 21, 22, 25, 27, 30, 31, 36, 39, 40, 42, 43, 44, 45, 48, 51, 52, 54, 55, 56, 57, 60, 63, 64, 66, 67, 68, 92, 108, 109, 112, 113, 116, 117, 119, 120, 121, 122, 123, 124, 125, 126, 128, 131, 134, 135, 137, 138, 139, 150, 158, 159, 162, 163, 164, 165, 166, 168, 169, 170, 171, 174, 175, 177, 178, 179, 180, 181], "summary": {"covered_lines": 78, "num_statements": 83, "percent_covered": 93.97590361445783, "percent_covered_display": "94", "missing_lines": 5, "excluded_lines": 10}, "missing_lines": [32, 110, 127, 160, 167], "excluded_lines": [46, 47, 58, 59, 89, 90, 129, 130, 147, 148]}}}, "src\\mcp_india_stack\\utils\\responses.py": {"executed_lines": [1, 3, 5, 6, 8, 10, 13, 32, 33, 34, 35, 36, 37, 38, 41, 42, 43, 44, 45, 46, 47, 52, 62, 63, 64, 65, 66, 67, 68, 69, 70, 71, 72, 73, 74, 75, 76, 78, 81, 90, 91, 93, 95, 96, 97, 98, 99, 100, 101, 102, 104], "summary": {"covered_lines": 47, "num_statements": 47, "percent_covered": 100.0, "percent_covered_display": "100", "missing_lines": 0, "excluded_lines": 0}, "missing_lines": [], "excluded_lines": [], "functions": {"build_response": {"executed_lines": [32, 33, 34, 35, 36, 37, 38, 41, 42, 43, 44, 45, 46, 47, 52, 62, 63, 64, 65, 66, 67, 68, 69, 70, 71, 72, 73, 74, 75, 76, 78], "summary": {"covered_lines": 28, "num_statements": 28, "percent_covered": 100.0, "percent_covered_display": "100", "missing_lines": 0, "excluded_lines": 0}, "missing_lines": [], "excluded_lines": []}, "_calculate_confidence": {"executed_lines": [90, 91, 93, 95, 96, 97, 98, 99, 100, 101, 102, 104], "summary": {"covered_lines": 12, "num_statements": 12, "percent_covered": 100.0, "percent_covered_display": "100", "missing_lines": 0, "excluded_lines": 0}, "missing_lines": [], "excluded_lines": []}, "": {"executed_lines": [1, 3, 5, 6, 8, 10, 13, 81], "summary": {"covered_lines": 7, "num_statements": 7, "percent_covered": 100.0, "percent_covered_display": "100", "missing_lines": 0, "excluded_lines": 0}, "missing_lines": [], "excluded_lines": []}}, "classes": {"": {"executed_lines": [1, 3, 5, 6, 8, 10, 13, 32, 33, 34, 35, 36, 37, 38, 41, 42, 43, 44, 45, 46, 47, 52, 62, 63, 64, 65, 66, 67, 68, 69, 70, 71, 72, 73, 74, 75, 76, 78, 81, 90, 91, 93, 95, 96, 97, 98, 99, 100, 101, 102, 104], "summary": {"covered_lines": 47, "num_statements": 47, "percent_covered": 100.0, "percent_covered_display": "100", "missing_lines": 0, "excluded_lines": 0}, "missing_lines": [], "excluded_lines": []}}}, "src\\mcp_india_stack\\utils\\updater.py": {"executed_lines": [1, 12, 14, 15, 16, 17, 18, 19, 20, 21, 22, 23, 25, 27, 28, 30, 32, 33, 35, 36, 39, 41, 42, 43, 46, 48, 49, 52, 54, 55, 58, 60, 61, 62, 63, 64, 67, 69, 72, 74, 75, 76, 77, 78, 79, 80, 83, 85, 86, 87, 88, 89, 90, 91, 94, 96, 97, 98, 100, 101, 102, 103, 104, 105, 106, 107, 110, 111, 114, 116, 117, 118, 121, 122, 123, 124, 125, 126, 127, 128, 130, 132, 133, 136, 150, 151, 153, 154, 155, 157, 158, 159, 160, 163, 164, 165, 168, 174, 175, 177, 178, 182, 183, 184, 186, 188, 189, 192, 198, 199, 200, 201, 204, 206, 207, 208, 209, 210, 211], "summary": {"covered_lines": 118, "num_statements": 121, "percent_covered": 97.52066115702479, "percent_covered_display": "98", "missing_lines": 3, "excluded_lines": 0}, "missing_lines": [112, 129, 180], "excluded_lines": [], "functions": {"_get_lock": {"executed_lines": [41, 42, 43], "summary": {"covered_lines": 3, "num_statements": 3, "percent_covered": 100.0, "percent_covered_display": "100", "missing_lines": 0, "excluded_lines": 0}, "missing_lines": [], "excluded_lines": []}, "_bundled_path": {"executed_lines": [48, 49], "summary": {"covered_lines": 2, "num_statements": 2, "percent_covered": 100.0, "percent_covered_display": "100", "missing_lines": 0, "excluded_lines": 0}, "missing_lines": [], "excluded_lines": []}, "_cached_path": {"executed_lines": [54, 55], "summary": {"covered_lines": 2, "num_statements": 2, "percent_covered": 100.0, "percent_covered_display": "100", "missing_lines": 0, "excluded_lines": 0}, "missing_lines": [], "excluded_lines": []}, "_is_stale": {"executed_lines": [60, 61, 62, 63, 64], "summary": {"covered_lines": 5, "num_statements": 5, "percent_covered": 100.0, "percent_covered_display": "100", "missing_lines": 0, "excluded_lines": 0}, "missing_lines": [], "excluded_lines": []}, "_auto_update_disabled": {"executed_lines": [69], "summary": {"covered_lines": 1, "num_statements": 1, "percent_covered": 100.0, "percent_covered_display": "100", "missing_lines": 0, "excluded_lines": 0}, "missing_lines": [], "excluded_lines": []}, "_validate_csv": {"executed_lines": [74, 75, 76, 77, 78, 79, 80], "summary": {"covered_lines": 7, "num_statements": 7, "percent_covered": 100.0, "percent_covered_display": "100", "missing_lines": 0, "excluded_lines": 0}, "missing_lines": [], "excluded_lines": []}, "_validate_gzip": {"executed_lines": [85, 86, 87, 88, 89, 90, 91], "summary": {"covered_lines": 7, "num_statements": 7, "percent_covered": 100.0, "percent_covered_display": "100", "missing_lines": 0, "excluded_lines": 0}, "missing_lines": [], "excluded_lines": []}, "_fetch_and_cache": {"executed_lines": [96, 97, 98, 100, 101, 102, 103, 104, 105, 106, 107, 110, 111, 114, 116, 117, 118, 121, 122, 123, 124, 125, 126, 127, 128, 130, 132, 133], "summary": {"covered_lines": 28, "num_statements": 30, "percent_covered": 93.33333333333333, "percent_covered_display": "93", "missing_lines": 2, "excluded_lines": 0}, "missing_lines": [112, 129], "excluded_lines": []}, "get_dataset_path": {"executed_lines": [150, 151, 153, 154, 155, 157, 158, 159, 160, 163, 164, 165], "summary": {"covered_lines": 12, "num_statements": 12, "percent_covered": 100.0, "percent_covered_display": "100", "missing_lines": 0, "excluded_lines": 0}, "missing_lines": [], "excluded_lines": []}, "trigger_background_update": {"executed_lines": [174, 175, 177, 178, 182, 188, 189], "summary": {"covered_lines": 7, "num_statements": 8, "percent_covered": 87.5, "percent_covered_display": "88", "missing_lines": 1, "excluded_lines": 0}, "missing_lines": [180], "excluded_lines": []}, "trigger_background_update._update": {"executed_lines": [183, 184, 186], "summary": {"covered_lines": 3, "num_statements": 3, "percent_covered": 100.0, "percent_covered_display": "100", "missing_lines": 0, "excluded_lines": 0}, "missing_lines": [], "excluded_lines": []}, "force_refresh_all": {"executed_lines": [198, 199, 200, 201], "summary": {"covered_lines": 4, "num_statements": 4, "percent_covered": 100.0, "percent_covered_display": "100", "missing_lines": 0, "excluded_lines": 0}, "missing_lines": [], "excluded_lines": []}, "get_cache_info": {"executed_lines": [206, 207, 208, 209, 210, 211], "summary": {"covered_lines": 6, "num_statements": 6, "percent_covered": 100.0, "percent_covered_display": "100", "missing_lines": 0, "excluded_lines": 0}, "missing_lines": [], "excluded_lines": []}, "": {"executed_lines": [1, 12, 14, 15, 16, 17, 18, 19, 20, 21, 22, 23, 25, 27, 28, 30, 32, 33, 35, 36, 39, 46, 52, 58, 67, 72, 83, 94, 136, 168, 192, 204], "summary": {"covered_lines": 31, "num_statements": 31, "percent_covered": 100.0, "percent_covered_display": "100", "missing_lines": 0, "excluded_lines": 0}, "missing_lines": [], "excluded_lines": []}}, "classes": {"": {"executed_lines": [1, 12, 14, 15, 16, 17, 18, 19, 20, 21, 22, 23, 25, 27, 28, 30, 32, 33, 35, 36, 39, 41, 42, 43, 46, 48, 49, 52, 54, 55, 58, 60, 61, 62, 63, 64, 67, 69, 72, 74, 75, 76, 77, 78, 79, 80, 83, 85, 86, 87, 88, 89, 90, 91, 94, 96, 97, 98, 100, 101, 102, 103, 104, 105, 106, 107, 110, 111, 114, 116, 117, 118, 121, 122, 123, 124, 125, 126, 127, 128, 130, 132, 133, 136, 150, 151, 153, 154, 155, 157, 158, 159, 160, 163, 164, 165, 168, 174, 175, 177, 178, 182, 183, 184, 186, 188, 189, 192, 198, 199, 200, 201, 204, 206, 207, 208, 209, 210, 211], "summary": {"covered_lines": 118, "num_statements": 121, "percent_covered": 97.52066115702479, "percent_covered_display": "98", "missing_lines": 3, "excluded_lines": 0}, "missing_lines": [112, 129, 180], "excluded_lines": []}}}}, "totals": {"covered_lines": 1677, "num_statements": 1767, "percent_covered": 94.90662139219015, "percent_covered_display": "95", "missing_lines": 90, "excluded_lines": 10}}